[20-Jan-2016 12:56:48 Europe/Berlin] PHP Warning:  include_once(Zend/Db/Adapter/Mysql/Pdo.php): failed to open stream: No such file or directory in /var/www/pimcore/pimcore/lib/Zend/Loader.php on line 134
[20-Jan-2016 12:56:48 Europe/Berlin] PHP Warning:  include_once(): Failed opening 'Zend/Db/Adapter/Mysql/Pdo.php' for inclusion (include_path='/var/www/pimcore/pimcore/lib:/var/www/pimcore/pimcore/models:/var/www/pimcore/website/lib:/var/www/pimcore/website/models:/var/www/pimcore/website/var/classes:') in /var/www/pimcore/pimcore/lib/Zend/Loader.php on line 134
[20-Jan-2016 12:56:48 Europe/Berlin] PHP Warning:  include_once(Zend/Db/Adapter/Mysql/Pdo.php): failed to open stream: No such file or directory in /var/www/pimcore/pimcore/lib/Zend/Loader.php on line 134
[20-Jan-2016 12:56:48 Europe/Berlin] PHP Warning:  include_once(): Failed opening 'Zend/Db/Adapter/Mysql/Pdo.php' for inclusion (include_path='/var/www/pimcore/pimcore/lib:/var/www/pimcore/pimcore/models:/var/www/pimcore/website/lib:/var/www/pimcore/website/models:/var/www/pimcore/website/var/classes:') in /var/www/pimcore/pimcore/lib/Zend/Loader.php on line 134
[20-Jan-2016 12:56:48 Europe/Berlin] PHP Warning:  include_once(Zend/Db/Adapter/Mysql/Pdo.php): failed to open stream: No such file or directory in /var/www/pimcore/pimcore/lib/Zend/Loader.php on line 134
[20-Jan-2016 12:56:48 Europe/Berlin] PHP Warning:  include_once(): Failed opening 'Zend/Db/Adapter/Mysql/Pdo.php' for inclusion (include_path='/var/www/pimcore/pimcore/lib:/var/www/pimcore/pimcore/models:/var/www/pimcore/website/lib:/var/www/pimcore/website/models:/var/www/pimcore/website/var/classes:') in /var/www/pimcore/pimcore/lib/Zend/Loader.php on line 134
[20-Jan-2016 12:56:48 Europe/Berlin] PHP Warning:  include_once(Zend/Db/Adapter/Mysql/Pdo.php): failed to open stream: No such file or directory in /var/www/pimcore/pimcore/lib/Zend/Loader.php on line 134
[20-Jan-2016 12:56:48 Europe/Berlin] PHP Warning:  include_once(): Failed opening 'Zend/Db/Adapter/Mysql/Pdo.php' for inclusion (include_path='/var/www/pimcore/pimcore/lib:/var/www/pimcore/pimcore/models:/var/www/pimcore/website/lib:/var/www/pimcore/website/models:/var/www/pimcore/website/var/classes:') in /var/www/pimcore/pimcore/lib/Zend/Loader.php on line 134
[20-Jan-2016 12:56:48 Europe/Berlin] PHP Warning:  Cannot modify header information - headers already sent by (output started at /var/www/pimcore/pimcore/lib/Pimcore/Tool.php:668) in /var/www/pimcore/pimcore/lib/Pimcore/Tool.php on line 665
[20-Jan-2016 12:56:51 Europe/Berlin] PHP Warning:  include_once(Zend/Db/Adapter/Mysql/Pdo.php): failed to open stream: No such file or directory in /var/www/pimcore/pimcore/lib/Zend/Loader.php on line 134
[20-Jan-2016 12:56:51 Europe/Berlin] PHP Warning:  include_once(): Failed opening 'Zend/Db/Adapter/Mysql/Pdo.php' for inclusion (include_path='/var/www/pimcore/pimcore/lib:/var/www/pimcore/pimcore/models:/var/www/pimcore/website/lib:/var/www/pimcore/website/models:/var/www/pimcore/website/var/classes:') in /var/www/pimcore/pimcore/lib/Zend/Loader.php on line 134
[20-Jan-2016 12:56:51 Europe/Berlin] PHP Warning:  include_once(Zend/Db/Adapter/Mysql/Pdo.php): failed to open stream: No such file or directory in /var/www/pimcore/pimcore/lib/Zend/Loader.php on line 134
[20-Jan-2016 12:56:51 Europe/Berlin] PHP Warning:  include_once(): Failed opening 'Zend/Db/Adapter/Mysql/Pdo.php' for inclusion (include_path='/var/www/pimcore/pimcore/lib:/var/www/pimcore/pimcore/models:/var/www/pimcore/website/lib:/var/www/pimcore/website/models:/var/www/pimcore/website/var/classes:') in /var/www/pimcore/pimcore/lib/Zend/Loader.php on line 134
[20-Jan-2016 12:56:51 Europe/Berlin] PHP Warning:  include_once(Zend/Db/Adapter/Mysql/Pdo.php): failed to open stream: No such file or directory in /var/www/pimcore/pimcore/lib/Zend/Loader.php on line 134
[20-Jan-2016 12:56:51 Europe/Berlin] PHP Warning:  include_once(): Failed opening 'Zend/Db/Adapter/Mysql/Pdo.php' for inclusion (include_path='/var/www/pimcore/pimcore/lib:/var/www/pimcore/pimcore/models:/var/www/pimcore/website/lib:/var/www/pimcore/website/models:/var/www/pimcore/website/var/classes:') in /var/www/pimcore/pimcore/lib/Zend/Loader.php on line 134
[20-Jan-2016 12:56:51 Europe/Berlin] PHP Warning:  include_once(Zend/Db/Adapter/Mysql/Pdo.php): failed to open stream: No such file or directory in /var/www/pimcore/pimcore/lib/Zend/Loader.php on line 134
[20-Jan-2016 12:56:51 Europe/Berlin] PHP Warning:  include_once(): Failed opening 'Zend/Db/Adapter/Mysql/Pdo.php' for inclusion (include_path='/var/www/pimcore/pimcore/lib:/var/www/pimcore/pimcore/models:/var/www/pimcore/website/lib:/var/www/pimcore/website/models:/var/www/pimcore/website/var/classes:') in /var/www/pimcore/pimcore/lib/Zend/Loader.php on line 134
[20-Jan-2016 12:56:51 Europe/Berlin] PHP Warning:  Cannot modify header information - headers already sent by (output started at /var/www/pimcore/pimcore/lib/Pimcore/Tool.php:668) in /var/www/pimcore/pimcore/lib/Pimcore/Tool.php on line 665
[20-Jan-2016 12:57:09 Europe/Berlin] PHP Warning:  include_once(Zend/Db/Adapter/Mysql/Pdo.php): failed to open stream: No such file or directory in /var/www/pimcore/pimcore/lib/Zend/Loader.php on line 134
[20-Jan-2016 12:57:09 Europe/Berlin] PHP Warning:  include_once(): Failed opening 'Zend/Db/Adapter/Mysql/Pdo.php' for inclusion (include_path='/var/www/pimcore/pimcore/lib:/var/www/pimcore/pimcore/models:/var/www/pimcore/website/lib:/var/www/pimcore/website/models:/var/www/pimcore/website/var/classes:') in /var/www/pimcore/pimcore/lib/Zend/Loader.php on line 134
[20-Jan-2016 12:57:09 Europe/Berlin] PHP Warning:  include_once(Zend/Db/Adapter/Mysql/Pdo.php): failed to open stream: No such file or directory in /var/www/pimcore/pimcore/lib/Zend/Loader.php on line 134
[20-Jan-2016 12:57:09 Europe/Berlin] PHP Warning:  include_once(): Failed opening 'Zend/Db/Adapter/Mysql/Pdo.php' for inclusion (include_path='/var/www/pimcore/pimcore/lib:/var/www/pimcore/pimcore/models:/var/www/pimcore/website/lib:/var/www/pimcore/website/models:/var/www/pimcore/website/var/classes:') in /var/www/pimcore/pimcore/lib/Zend/Loader.php on line 134
[20-Jan-2016 12:57:09 Europe/Berlin] PHP Warning:  include_once(Zend/Db/Adapter/Mysql/Pdo.php): failed to open stream: No such file or directory in /var/www/pimcore/pimcore/lib/Zend/Loader.php on line 134
[20-Jan-2016 12:57:09 Europe/Berlin] PHP Warning:  include_once(): Failed opening 'Zend/Db/Adapter/Mysql/Pdo.php' for inclusion (include_path='/var/www/pimcore/pimcore/lib:/var/www/pimcore/pimcore/models:/var/www/pimcore/website/lib:/var/www/pimcore/website/models:/var/www/pimcore/website/var/classes:') in /var/www/pimcore/pimcore/lib/Zend/Loader.php on line 134
[20-Jan-2016 12:57:09 Europe/Berlin] PHP Warning:  include_once(Zend/Db/Adapter/Mysql/Pdo.php): failed to open stream: No such file or directory in /var/www/pimcore/pimcore/lib/Zend/Loader.php on line 134
[20-Jan-2016 12:57:09 Europe/Berlin] PHP Warning:  include_once(): Failed opening 'Zend/Db/Adapter/Mysql/Pdo.php' for inclusion (include_path='/var/www/pimcore/pimcore/lib:/var/www/pimcore/pimcore/models:/var/www/pimcore/website/lib:/var/www/pimcore/website/models:/var/www/pimcore/website/var/classes:') in /var/www/pimcore/pimcore/lib/Zend/Loader.php on line 134
[20-Jan-2016 12:57:09 Europe/Berlin] PHP Warning:  Cannot modify header information - headers already sent by (output started at /var/www/pimcore/pimcore/lib/Pimcore/Tool.php:668) in /var/www/pimcore/pimcore/lib/Pimcore/Tool.php on line 665
[20-Jan-2016 14:42:25 Europe/Berlin] PHP Fatal error:  Uncaught exception 'Zend_Db_Statement_Mysqli_Exception' with message 'Mysqli prepare error: View 'mzbpoc.object_localized_14_en_GB' references invalid table(s) or column(s) or function(s) or definer/invoker of view lack rights to use them' in /var/www/pimcore/pimcore/lib/Zend/Db/Statement/Mysqli.php:77
Stack trace:
#0 /var/www/pimcore/pimcore/lib/Zend/Db/Statement.php(115): Zend_Db_Statement_Mysqli->_prepare('SELECT object_l...')
#1 /var/www/pimcore/pimcore/lib/Zend/Db/Adapter/Mysqli.php(388): Zend_Db_Statement->__construct(Object(Zend_Db_Adapter_Mysqli), 'SELECT object_l...')
#2 /var/www/pimcore/pimcore/lib/Zend/Db/Adapter/Abstract.php(479): Zend_Db_Adapter_Mysqli->prepare('SELECT object_l...')
#3 /var/www/pimcore/pimcore/lib/Zend/Db/Adapter/Abstract.php(737): Zend_Db_Adapter_Abstract->query('SELECT object_l...', Array)
#4 [internal function]: Zend_Db_Adapter_Abstract->fetchAll('SELECT object_l...', Array)
#5 /var/www/pimcore/pimcore/lib/Pimcore/Resource/Wrapper.php(230): call_user_func_array(Array, Array)
# in /var/www/pimcore/pimcore/lib/Zend/Db/Statement/Mysqli.php on line 77
[20-Jan-2016 17:31:59 Europe/Berlin] PHP Parse error:  syntax error, unexpected '?>' in /var/www/pimcore/website/views/scripts/content/portal.php on line 10
[20-Jan-2016 17:32:00 Europe/Berlin] PHP Parse error:  syntax error, unexpected '?>' in /var/www/pimcore/website/views/scripts/content/portal.php on line 10
[20-Jan-2016 17:32:11 Europe/Berlin] PHP Parse error:  syntax error, unexpected '?>' in /var/www/pimcore/website/views/scripts/content/portal.php on line 10
[21-Jan-2016 12:24:02 Europe/Berlin] PHP Warning:  fopen(/var/www/pimcore/website/var/assets/brand-images/chase-sanborn.jpg): failed to open stream: Permission denied in /var/www/pimcore/pimcore/models/Asset.php on line 335
[21-Jan-2016 12:24:03 Europe/Berlin] PHP Warning:  fopen(/var/www/pimcore/website/var/assets/brand-images/chock.jpg): failed to open stream: Permission denied in /var/www/pimcore/pimcore/models/Asset.php on line 335
[21-Jan-2016 12:24:03 Europe/Berlin] PHP Warning:  fopen(/var/www/pimcore/website/var/assets/brand-images/hills-bros2.jpg): failed to open stream: Permission denied in /var/www/pimcore/pimcore/models/Asset.php on line 335
[21-Jan-2016 12:24:03 Europe/Berlin] PHP Warning:  fopen(/var/www/pimcore/website/var/assets/brand-images/hills-capp.jpg): failed to open stream: Permission denied in /var/www/pimcore/pimcore/models/Asset.php on line 335
[21-Jan-2016 12:24:03 Europe/Berlin] PHP Warning:  fopen(/var/www/pimcore/website/var/assets/brand-images/kauai.jpg): failed to open stream: Permission denied in /var/www/pimcore/pimcore/models/Asset.php on line 335
[22-Jan-2016 12:34:30 Europe/Berlin] PHP Fatal error:  Class 'Website\Controller\Action' not found in /var/www/pimcore/website/controllers/ContentController.php on line 5
[22-Jan-2016 12:34:44 Europe/Berlin] PHP Fatal error:  Class 'Website\Controller\Action' not found in /var/www/pimcore/website/controllers/ContentController.php on line 5
[22-Jan-2016 12:34:57 Europe/Berlin] PHP Fatal error:  Class 'Website\Controller\Action' not found in /var/www/pimcore/website/controllers/ContentController.php on line 5
[22-Jan-2016 13:56:47 Europe/Berlin] PHP Fatal error:  Class 'Website\Controller\Action' not found in /var/www/pimcore/website/controllers/ContentController.php on line 5
[22-Jan-2016 13:57:48 Europe/Berlin] PHP Fatal error:  Class 'Website\Controller\Action' not found in /var/www/pimcore/website/controllers/ContentController.php on line 5
[22-Jan-2016 14:03:44 Europe/Berlin] PHP Fatal error:  Class 'Website\Controller\Action' not found in /var/www/pimcore/website/controllers/ContentController.php on line 5
[22-Jan-2016 14:06:46 Europe/Berlin] PHP Fatal error:  Class 'Website\Controller\Action' not found in /var/www/pimcore/website/controllers/ContentController.php on line 5
[22-Jan-2016 14:07:21 Europe/Berlin] PHP Fatal error:  Class 'Website\Controller\Action' not found in /var/www/pimcore/website/controllers/ContentController.php on line 5
[22-Jan-2016 14:07:52 Europe/Berlin] PHP Fatal error:  Class 'Website\Controller\Action' not found in /var/www/pimcore/website/controllers/ContentController.php on line 5
[22-Jan-2016 14:08:30 Europe/Berlin] PHP Fatal error:  Class 'Website\Controller\Action' not found in /var/www/pimcore/website/controllers/DefaultController.php on line 5
[22-Jan-2016 14:08:55 Europe/Berlin] PHP Fatal error:  Class 'Website\Controller\Action' not found in /var/www/pimcore/website/controllers/ContentController.php on line 5
[22-Jan-2016 14:20:37 Europe/Berlin] PHP Parse error:  syntax error, unexpected 'col' (T_STRING) in /var/www/pimcore/website/views/layouts/layout.php on line 215
[22-Jan-2016 15:27:34 Europe/Berlin] PHP Fatal error:  Class 'Website\Controller\Action' not found in /var/www/pimcore/website/controllers/DefaultController.php on line 5
[22-Jan-2016 15:50:48 Europe/Berlin] PHP Fatal error:  Class 'Website\Controller\Action' not found in /var/www/pimcore/website/controllers/DefaultController.php on line 5
