

Processing Page 27 ............

Processing asset /home/demo/www/website/var/assets/protouch-eu/products/football/shoes/fw13_14/force-tf_sohle_185798_black_orange_pro-touch.png ( 4570 ) ... done
Processing asset /home/demo/www/website/var/assets/protouch-eu/products/football/shoes/fw13_14/force-tf-jr_185801_black_orange_pro-touch.png ( 4571 ) ... done
Processing asset /home/demo/www/website/var/assets/protouch-eu/products/football/shoes/fw13_14/force-tf-jr_sohle_185801_black_orange_pro-touch.png ( 4572 ) ... done
Processing asset /home/demo/www/website/var/assets/protouch-eu/products/football/shoes/fw13_14/sala-special_185803_blue_black_red_white_pro-touch.png ( 4573 ) ... done
Processing asset /home/demo/www/website/var/assets/protouch-eu/products/football/shoes/fw13_14/sala-special_185803_blue_white_green-lime_black_pro-touch.png ( 4574 ) ... done
Processing asset /home/demo/www/website/var/assets/protouch-eu/products/football/shoes/fw13_14/sala-special_sohle_185803_blue_black_red_white_pro-touch.png ( 4575 ) ... done
Processing asset /home/demo/www/website/var/assets/protouch-eu/products/football/shoes/fw13_14/sala-special_sohle_185803_blue_white_green-lime_black_pro-touch.png ( 4576 ) ... done
Processing asset /home/demo/www/website/var/assets/protouch-eu/products/basketball/shoes/fw13_14/bb-dunk-jr_207164_black_white_orange_pro-touch.png ( 4577 ) ... done
Processing asset /home/demo/www/website/var/assets/protouch-eu/products/basketball/shoes/fw13_14/bb-dunk-jr_207164_white_black_pink_pro-touch.png ( 4578 ) ... done
Processing asset /home/demo/www/website/var/assets/protouch-eu/products/basketball/shoes/fw13_14/bb-dunk-jr_sohle_207164_black_white_orange_pro-touch.png ( 4579 ) ... done
Processing asset /home/demo/www/website/var/assets/protouch-eu/products/basketball/shoes/fw13_14/bb-dunk-jr_sohle_207164_white_black_pink_pro-touch.png ( 4580 ) ... done
Processing asset /home/demo/www/website/var/assets/protouch-eu/products/basketball/shoes/fw13_14/bb-dunk-m_194109_white_black_pro-touch.png ( 4581 ) ... done
Processing asset /home/demo/www/website/var/assets/protouch-eu/products/basketball/shoes/fw13_14/bb-dunk-m_sohle_194109_white_black_pro-touch.png ( 4582 ) ... done
Processing asset /home/demo/www/website/var/assets/protouch-eu/products/basketball/shoes/fw13_14/bb-time-out-iii-m_207161_black_red_pro-touch.png ( 4583 ) ... done
Processing asset /home/demo/www/website/var/assets/protouch-eu/products/basketball/shoes/fw13_14/bb-time-out-iii-m_sohle_207161_black_red_pro-touch.png ( 4584 ) ... done
Processing asset /home/demo/www/website/var/assets/protouch-eu/products/basketball/shoes/fw13_14/bb-time-out-iii-w_207162_white_blue-light_pro-touch.png ( 4585 ) ... done
Processing asset /home/demo/www/website/var/assets/protouch-eu/products/basketball/shoes/fw13_14/bb-time-out-iii-w_sohle_207162_white_blue-light_pro-touch.png ( 4586 ) ... done
Processing asset /home/demo/www/website/var/assets/protouch-eu/products/runnning/apparel/ss14/allen-ii-ux204279_black-green_pro-touch.png ( 4587 ) ... done
Processing asset /home/demo/www/website/var/assets/protouch-eu/products/runnning/apparel/ss14/amon-ux_205962_blue_pro-touch.png ( 4588 ) ... done
Processing asset /home/demo/www/website/var/assets/protouch-eu/products/runnning/apparel/ss14/easton-ux_211045_green-blue_pro-touch.png ( 4589 ) ... done
Processing asset /home/demo/www/website/var/assets/protouch-eu/products/runnning/apparel/ss14/ed-ux_211071_blue-aqua-yellow_pro-touch.png ( 4590 ) ... done
Processing asset /home/demo/www/website/var/assets/protouch-eu/products/runnning/apparel/ss14/ed-ux_211071_blue-green_pro-touch.png ( 4591 ) ... done
Processing asset /home/demo/www/website/var/assets/protouch-eu/products/runnning/apparel/ss14/eddy-ux_211048_blue-aqua-yellow_pro-touch.png ( 4592 ) ... done
Processing asset /home/demo/www/website/var/assets/protouch-eu/products/runnning/apparel/ss14/edison-ux_211046_blue-green_pro-touch.png ( 4593 ) ... done
Processing asset /home/demo/www/website/var/assets/protouch-eu/products/runnning/apparel/ss14/edison-ux_211046_green-blue_pro-touch.png ( 4594 ) ... done
Processing asset /home/demo/www/website/var/assets/protouch-eu/products/runnning/apparel/ss14/edmond-ux_211078_blue-green_pro-touch.png ( 4595 ) ... done
Processing asset /home/demo/www/website/var/assets/protouch-eu/products/runnning/apparel/ss14/edmond-ux_211078_red-light-blue_pro-touch.png ( 4596 ) ... done
Processing asset /home/demo/www/website/var/assets/protouch-eu/products/runnning/apparel/ss14/eduardo-ux_211085_black-red-light_pro-touch.png ( 4597 ) ... done
Processing asset /home/demo/www/website/var/assets/protouch-eu/products/runnning/apparel/ss14/edward-ux_211070_black-blue-red-light_pro-touch.png ( 4598 ) ... done
Processing asset /home/demo/www/website/var/assets/protouch-eu/products/runnning/apparel/ss14/eliot-ux_211081_black-green_pro-touch.png ( 4599 ) ... done
Processing asset /home/demo/www/website/var/assets/protouch-eu/products/runnning/apparel/ss14/elvan-ux_211095_blue-red-light_pro-touch.png ( 4600 ) ... done
Processing asset /home/demo/www/website/var/assets/protouch-eu/products/runnning/apparel/ss14/emil-ux_211075_black-green_pro-touch.png ( 4601 ) ... done
Processing asset /home/demo/www/website/var/assets/protouch-eu/products/runnning/apparel/ss14/emmerson-ux_211087_black-blue-red-light.png ( 4602 ) ... done
Processing asset /home/demo/www/website/var/assets/protouch-eu/products/runnning/apparel/ss14/emmet-ux_211066_blue-red-light_pro-touch.png ( 4603 ) ... done
Processing asset /home/demo/www/website/var/assets/protouch-eu/products/runnning/apparel/ss14/ennio-ux_211072_blue-aqua-yellow_pro-touch.png ( 4604 ) ... done
Processing asset /home/demo/www/website/var/assets/protouch-eu/products/runnning/apparel/ss14/ennio-ux_211072_green-blue_pro-touch.png ( 4605 ) ... done
Processing asset /home/demo/www/website/var/assets/protouch-eu/products/runnning/apparel/ss14/enrique-ux_211073_blue-green_pro-touch.png ( 4606 ) ... done
Processing asset /home/demo/www/website/var/assets/protouch-eu/products/runnning/apparel/ss14/eric-ux_211070_green-blue_pro-touch.png ( 4607 ) ... done
Processing asset /home/demo/www/website/var/assets/protouch-eu/products/runnning/apparel/ss14/ernesto-ux_211067_black-blue-green_pro-touch.png ( 4608 ) ... done
Processing asset /home/demo/www/website/var/assets/protouch-eu/products/runnning/apparel/ss14/ernie-ux_211068_black-blue-red-light_pro-touch.png ( 4609 ) ... done
Processing asset /home/demo/www/website/var/assets/protouch-eu/products/runnning/apparel/ss14/ernie-ux_211068_black-yellow-blue-aqua_pro-touch.png ( 4610 ) ... done
Processing asset /home/demo/www/website/var/assets/protouch-eu/products/runnning/apparel/ss14/erol-ux_211069_black-blue-green_pro-touch.png ( 4611 ) ... done
Processing asset /home/demo/www/website/var/assets/protouch-eu/products/runnning/apparel/ss14/eugen-ux_211074_black-blue-aqua_pro-touch.png ( 4612 ) ... done
Processing asset /home/demo/www/website/var/assets/protouch-eu/products/runnning/apparel/ss14/ebru-wms_211116_purple-red-light_pro-touch.png ( 4613 ) ... done
Processing asset /home/demo/www/website/var/assets/protouch-eu/products/runnning/apparel/ss14/ekatarina-wms_211091_black-pink-lime_pro-touch.png ( 4614 ) ... done
Processing asset /home/demo/www/website/var/assets/protouch-eu/products/runnning/apparel/ss14/ekatarina-wms_211091_purple-red-light_pro-touch.png ( 4615 ) ... done
Processing asset /home/demo/www/website/var/assets/protouch-eu/products/runnning/apparel/ss14/elisha-wms_211107_pink-lime_pro-touch.png ( 4616 ) ... done
Processing asset /home/demo/www/website/var/assets/protouch-eu/products/runnning/apparel/ss14/ellana-wms_211149_navy-dark-red-light-purple_pro-touch.png ( 4617 ) ... done
Processing asset /home/demo/www/website/var/assets/protouch-eu/products/runnning/apparel/ss14/ellen-wms_211149_black-pink-lime_pro-touch.png ( 4618 ) ... done
Processing asset /home/demo/www/website/var/assets/protouch-eu/products/runnning/apparel/ss14/elody-wms_211106_pink-lime_pro-touch.png ( 4619 ) ... done
Processing asset /home/demo/www/website/var/assets/protouch-eu/products/runnning/apparel/ss14/elody-wms_211106_purple-red-light_pro-touch.png ( 4620 ) ... done
Processing asset /home/demo/www/website/var/assets/protouch-eu/products/runnning/apparel/ss14/eloise-wms_211151_black-red-light-purple_pro-touch.png ( 4621 ) ... done
Processing asset /home/demo/www/website/var/assets/protouch-eu/products/runnning/apparel/ss14/elsy-wms_211113_pink-lime_pro-touch.png ( 4622 ) ... done
Processing asset /home/demo/www/website/var/assets/protouch-eu/products/runnning/apparel/ss14/elsy-wms_211113_purple-red-light_pro-touch.png ( 4623 ) ... done
Processing asset /home/demo/www/website/var/assets/protouch-eu/products/runnning/apparel/ss14/eluna-wms_211239_pink-multicolor-lime_pro-touch.png ( 4624 ) ... done
Processing asset /home/demo/www/website/var/assets/protouch-eu/products/runnning/apparel/ss14/elvira-wms_211132_pink-lime_pro-touch.png ( 4625 ) ... done
Processing asset /home/demo/www/website/var/assets/protouch-eu/products/runnning/apparel/ss14/emanuelle-wms_211110_black-red-light-purple_pro-touch.png ( 4626 ) ... done
Processing asset /home/demo/www/website/var/assets/protouch-eu/products/runnning/apparel/ss14/emily-wms_211143_black-red-light-purple_pro-touch.png ( 4627 ) ... done
Processing asset /home/demo/www/website/var/assets/protouch-eu/products/runnning/apparel/ss14/emma-wms_211143_lime-pink_pro-touch.png ( 4628 ) ... done
Processing asset /home/demo/www/website/var/assets/protouch-eu/products/runnning/apparel/ss14/enya-wms_211127_purple-red-light_pro-touch.png ( 4629 ) ... done
Processing asset /home/demo/www/website/var/assets/protouch-eu/products/runnning/apparel/ss14/estelle-wms_211109_pink-lime_pro-touch.png ( 4630 ) ... done
Processing asset /home/demo/www/website/var/assets/protouch-eu/products/runnning/apparel/ss14/estelle-wms_211109_purple-red-light_pro-touch.png ( 4631 ) ... done
Processing asset /home/demo/www/website/var/assets/protouch-eu/products/runnning/apparel/ss14/etelka-wms_211101_pink-lime_pro-touch.png ( 4632 ) ... done
Processing asset /home/demo/www/website/var/assets/protouch-eu/products/runnning/apparel/ss14/etelka-wms_211101_red-light-purple_pro-touch.png ( 4633 ) ... done
Processing asset /home/demo/www/website/var/assets/protouch-eu/products/runnning/apparel/ss14/eva-wms_21112_black-pink-lime_pro-touch.png ( 4634 ) ... done
Processing asset /home/demo/www/website/var/assets/protouch-eu/products/runnning/apparel/ss14/evelin-wms_211091_lime-pink_pro-touch.png ( 4635 ) ... done
Processing asset /home/demo/www/website/var/assets/protouch-eu/products/runnning/apparel/ss14/evica-wms_211114_pink-lime_pro-touch.png ( 4636 ) ... done
Processing asset /home/demo/www/website/var/assets/protouch-eu/products/runnning/apparel/ss14/evita-wms_211118_black-pink-lime_pro-touch.png ( 4637 ) ... done
Processing asset /home/demo/www/website/var/assets/protouch-eu/products/runnning/apparel/ss14/isabel-wms_197496_purple-red-light_pro-touch.png ( 4638 ) ... done
Processing asset /home/demo/www/website/var/assets/protouch-eu/products/football/apparel/ss14/baker-ux_211404_yellow_pro-touch.png ( 4639 ) ... done
Processing asset /home/demo/www/website/var/assets/protouch-eu/products/football/apparel/ss14/bamogo-ux_211394_blue-navy_pro-touch.png ( 4640 ) ... done
Processing asset /home/demo/www/website/var/assets/protouch-eu/products/football/apparel/ss14/barson-ux_211402_black-yellow_pro-touch.png ( 4641 ) ... done
Processing asset /home/demo/www/website/var/assets/protouch-eu/products/football/apparel/ss14/basler-ux_211392_navy-green_pro-touch.png ( 4642 ) ... done
Processing asset /home/demo/www/website/var/assets/protouch-eu/products/football/apparel/ss14/bong-ux_211397_green-black_pro-touch.png ( 4643 ) ... done
Processing asset /home/demo/www/website/var/assets/protouch-eu/products/football/apparel/ss14/faro-ux_190568_black_pro-touch.png ( 4644 ) ... done
Processing asset /home/demo/www/website/var/assets/protouch-eu/products/football/apparel/ss14/franjo-ux_190570_black_pro-touch.png ( 4645 ) ... done
Processing asset /home/demo/www/website/var/assets/protouch-eu/products/football/apparel/ss14/sabrina_wms_182757_pink_black.png ( 4646 ) ... done
Processing asset /home/demo/www/website/var/assets/protouch-eu/products/football/apparel/ss14/salim_ux_182764_black_white.png ( 4647 ) ... done
Processing asset /home/demo/www/website/var/assets/protouch-eu/products/football/apparel/ss14/sam_ux_182567_red_white.png ( 4648 ) ... done
Processing asset /home/demo/www/website/var/assets/protouch-eu/products/football/apparel/ss14/samir_ux_182582_red_white.png ( 4649 ) ... done
Processing asset /home/demo/www/website/var/assets/protouch-eu/products/football/apparel/ss14/samuel-ux_182584_orange-black_pro-touch.png ( 4650 ) ... done
Processing asset /home/demo/www/website/var/assets/protouch-eu/products/football/apparel/ss14/seeler-ux_hinten_213060_black-black-night_pro-touch.png ( 4651 ) ... done
Processing asset /home/demo/www/website/var/assets/protouch-eu/products/football/apparel/ss14/seeler-ux_hinten_213060_blue-royal-black_pro-touch.png ( 4652 ) ... done
Processing asset /home/demo/www/website/var/assets/protouch-eu/products/football/apparel/ss14/seeler-ux_vorn_213060_black-black-night_pro-touch.png ( 4653 ) ... done
Processing asset /home/demo/www/website/var/assets/protouch-eu/products/football/apparel/ss14/seeler-ux_vorn_213060_blue-royal-black_pro-touch.png ( 4654 ) ... done
Processing asset /home/demo/www/website/var/assets/protouch-eu/products/football/apparel/ss14/shearer-ux_hinten_213061_blue-royal-black_pro-touch.png ( 4655 ) ... done
Processing asset /home/demo/www/website/var/assets/protouch-eu/products/football/apparel/ss14/shearer-ux_vorn_213061_blue-royal-black_pro-touch.png ( 4656 ) ... done
Processing asset /home/demo/www/website/var/assets/protouch-eu/products/football/apparel/ss14/silvestre-ux_hinten_xxxxxx_black-black-night_pro-touch.png ( 4657 ) ... done
Processing asset /home/demo/www/website/var/assets/protouch-eu/products/football/apparel/ss14/silvestre-ux_vorn_xxxxxx_black-black-night_pro-touch.png ( 4658 ) ... done
Processing asset /home/demo/www/website/var/assets/protouch-eu/products/football/apparel/ss14/solana-ux_hinten_213063_black-black-night_pro-touch.png ( 4659 ) ... done
Processing asset /home/demo/www/website/var/assets/protouch-eu/products/football/apparel/ss14/solana-ux_vorn_213063_black-black-night_pro-touch.png ( 4660 ) ... done
Processing asset /home/demo/www/website/var/assets/protouch-eu/products/football/shoes/ss14/classic-fg-jr_149337_black-orange_pro-touch.png ( 4661 ) ... done
Processing asset /home/demo/www/website/var/assets/protouch-eu/products/football/shoes/ss14/classic-fg-jr_sohle_149337_black-orange_pro-touch.png ( 4662 ) ... done
Processing asset /home/demo/www/website/var/assets/protouch-eu/products/football/shoes/ss14/classic-fg_149663_black-orange_pro-touch.png ( 4663 ) ... done
Processing asset /home/demo/www/website/var/assets/protouch-eu/products/football/shoes/ss14/classic-fg_sohle_149663_black-orange_pro-touch.png ( 4664 ) ... done
Processing asset /home/demo/www/website/var/assets/protouch-eu/products/football/shoes/ss14/classic-hg-jr_149664_black-orange_pro-touch.png ( 4665 ) ... done
Processing asset /home/demo/www/website/var/assets/protouch-eu/products/football/shoes/ss14/classic-hg-jr_sohle_149664_black-orange_pro-touch.png ( 4666 ) ... done
Processing asset /home/demo/www/website/var/assets/protouch-eu/products/football/shoes/ss14/classic-hg_149334_black-orange_pro-touch.png ( 4667 ) ... done
Processing asset /home/demo/www/website/var/assets/protouch-eu/products/football/shoes/ss14/classic-hg_sohle_149334_black-orange_pro-touch.png ( 4668 ) ... done
Processing asset /home/demo/www/website/var/assets/protouch-eu/products/football/shoes/ss14/classic-indoor-jr_149666_black-orange_pro-touch.png ( 4669 ) ... done


Processing Page 28 ............

Processing asset /home/demo/www/website/var/assets/protouch-eu/products/football/shoes/ss14/classic-indoor-jr_sohle_149666_black-orange_pro-touch.png ( 4670 ) ... done
Processing asset /home/demo/www/website/var/assets/protouch-eu/products/football/shoes/ss14/classic-indoor_149649_black-orange_pro-touch.png ( 4671 ) ... done
Processing asset /home/demo/www/website/var/assets/protouch-eu/products/football/shoes/ss14/classic-indoor_sohle_149649_black-orange_pro-touch.png ( 4672 ) ... done
Processing asset /home/demo/www/website/var/assets/protouch-eu/products/football/shoes/ss14/classic-sg_149663_black-orange_pro-touch.png ( 4673 ) ... done
Processing asset /home/demo/www/website/var/assets/protouch-eu/products/football/shoes/ss14/classic-sg_sohle_149663_black-orange_pro-touch.png ( 4674 ) ... done
Processing asset /home/demo/www/website/var/assets/protouch-eu/products/football/shoes/ss14/classic-tf-jr_149667_black-orange_pro-touch.png ( 4675 ) ... done
Processing asset /home/demo/www/website/var/assets/protouch-eu/products/football/shoes/ss14/classic-tf-jr_sohle_149667_black-orange_pro-touch.png ( 4676 ) ... done
Processing asset /home/demo/www/website/var/assets/protouch-eu/products/football/shoes/ss14/classic-tf_149648_black-orange_pro-touch.png ( 4677 ) ... done
Processing asset /home/demo/www/website/var/assets/protouch-eu/products/football/shoes/ss14/classic-tf_sohle_149648_black-orange_pro-touch.png ( 4678 ) ... done
Processing asset /home/demo/www/website/var/assets/protouch-eu/products/football/shoes/ss14/classic-velcro-indoor-jr_149681_black-orange_pro-touch.png ( 4679 ) ... done
Processing asset /home/demo/www/website/var/assets/protouch-eu/products/football/shoes/ss14/classic-velcro-indoor-jr_sohle_149681_black-orange_pro-touch.png ( 4680 ) ... done
Processing asset /home/demo/www/website/var/assets/protouch-eu/products/football/shoes/ss14/classic-velcro-tf-jr_149669_black-orange_pro-touch.png ( 4681 ) ... done
Processing asset /home/demo/www/website/var/assets/protouch-eu/products/football/shoes/ss14/classic-velcro-tf-jr_sohle_149669_black-orange_pro-touch.png ( 4682 ) ... done
Processing asset /home/demo/www/website/var/assets/protouch-eu/products/football/shoes/ss14/force-fg-jr_185763_black-yellow-fluo_pro-touch.png ( 4683 ) ... done
Processing asset /home/demo/www/website/var/assets/protouch-eu/products/football/shoes/ss14/force-fg-jr_sohle_185763_black-yellow-fluo_pro-touch.png ( 4684 ) ... done
Processing asset /home/demo/www/website/var/assets/protouch-eu/products/football/shoes/ss14/force-fg_185759_black-yellow-fluo_pro-touch.png ( 4685 ) ... done
Processing asset /home/demo/www/website/var/assets/protouch-eu/products/football/shoes/ss14/force-fg_sohle_185759_black-yellow-fluo_pro-touch.png ( 4686 ) ... done
Processing asset /home/demo/www/website/var/assets/protouch-eu/products/football/shoes/ss14/force-hg-jr_185761_black-yellow-fluo_pro-touch.png ( 4687 ) ... done
Processing asset /home/demo/www/website/var/assets/protouch-eu/products/football/shoes/ss14/force-hg-jr_sohle_185761_black-yellow-fluo_pro-touch.png ( 4688 ) ... done
Processing asset /home/demo/www/website/var/assets/protouch-eu/products/football/shoes/ss14/force-hg_185764_black-yellow-fluo_pro-touch.png ( 4689 ) ... done
Processing asset /home/demo/www/website/var/assets/protouch-eu/products/football/shoes/ss14/force-hg_sohle_185764_black-yellow-fluo_pro-touch.png ( 4690 ) ... done
Processing asset /home/demo/www/website/var/assets/protouch-eu/products/football/shoes/ss14/force-indoor-jr_185800_black-yellow-fluo_pro-touch.png ( 4691 ) ... done
Processing asset /home/demo/www/website/var/assets/protouch-eu/products/football/shoes/ss14/force-indoor-jr_sohle_185800_black-yellow-fluo_pro-touch.png ( 4692 ) ... done
Processing asset /home/demo/www/website/var/assets/protouch-eu/products/football/shoes/ss14/force-indoor_185799_black-yellow-fluo_pro-touch.png ( 4693 ) ... done
Processing asset /home/demo/www/website/var/assets/protouch-eu/products/football/shoes/ss14/force-indoor_sohle_185799_black-yellow-fluo_pro-touch.png ( 4694 ) ... done
Processing asset /home/demo/www/website/var/assets/protouch-eu/products/football/shoes/ss14/force-tf-jr_185801_black-yellow-fluo_pro-touch.png ( 4695 ) ... done
Processing asset /home/demo/www/website/var/assets/protouch-eu/products/football/shoes/ss14/force-tf-jr_sohle_185801_black-yellow-fluo_pro-touch.png ( 4696 ) ... done
Processing asset /home/demo/www/website/var/assets/protouch-eu/products/football/shoes/ss14/force-tf_185798_black-yellow-fluo_pro-touch.png ( 4697 ) ... done
Processing asset /home/demo/www/website/var/assets/protouch-eu/products/football/shoes/ss14/force-tf_sohle_185798_black-yellow-fluo_pro-touch.png ( 4698 ) ... done
Processing asset /home/demo/www/website/var/assets/protouch-eu/products/runnning/shoes/ss14/chicago-ii-m_200104_blue-white-lime-grey_pro-touch.png ( 4699 ) ... done
Processing asset /home/demo/www/website/var/assets/protouch-eu/products/runnning/shoes/ss14/chicago-ii-m_200104_white-black-fiery-coral_pro-touch.png ( 4700 ) ... done
Processing asset /home/demo/www/website/var/assets/protouch-eu/products/runnning/shoes/ss14/chicago-ii-m_sohle_200104_blue-white-lime-grey_pro-touch.png ( 4701 ) ... done
Processing asset /home/demo/www/website/var/assets/protouch-eu/products/runnning/shoes/ss14/chicago-ii-m_sohle_200104_white-black-fiery-coral_pro-touch.png ( 4702 ) ... done
Processing asset /home/demo/www/website/var/assets/protouch-eu/products/runnning/shoes/ss14/chicago-ii-w_200106_white-purple-pink_pro-touch.png ( 4703 ) ... done
Processing asset /home/demo/www/website/var/assets/protouch-eu/products/runnning/shoes/ss14/chicago-ii-w_sohle_200106_white-purple-pink_pro-touch.png ( 4704 ) ... done
Processing asset /home/demo/www/website/var/assets/protouch-eu/products/runnning/shoes/ss14/elexir-iv-jr_214606_black-pink-lime_pro-touch.png ( 4705 ) ... done
Processing asset /home/demo/www/website/var/assets/protouch-eu/products/runnning/shoes/ss14/elexir-iv-jr_214606_white-purple-pink-blue_pro-touch.png ( 4706 ) ... done
Processing asset /home/demo/www/website/var/assets/protouch-eu/products/runnning/shoes/ss14/elexir-iv-jr_sohle_214606_black-pink-lime_pro-touch.png ( 4707 ) ... done
Processing asset /home/demo/www/website/var/assets/protouch-eu/products/runnning/shoes/ss14/elexir-iv-jr_sohle_214606_white-purple-pink-blue_pro-touch.png ( 4708 ) ... done
Processing asset /home/demo/www/website/var/assets/protouch-eu/products/runnning/shoes/ss14/elexir-iv-m_214604_grey-blue-yellow_pro-touch.png ( 4709 ) ... done
Processing asset /home/demo/www/website/var/assets/protouch-eu/products/runnning/shoes/ss14/elexir-iv-m_214604_white-blue-fiery-coral_pro-touch.png ( 4710 ) ... done
Processing asset /home/demo/www/website/var/assets/protouch-eu/products/runnning/shoes/ss14/elexir-iv-m_sohle_214604_grey-blue-yellow_pro-touch.png ( 4711 ) ... done
Processing asset /home/demo/www/website/var/assets/protouch-eu/products/runnning/shoes/ss14/elexir-iv-m_sohle_214604_white-blue-fiery-coral_pro-touch.png ( 4712 ) ... done
Processing asset /home/demo/www/website/var/assets/protouch-eu/products/runnning/shoes/ss14/elexir-iv-w_214605_black-pink-lime_pro-touch.png ( 4713 ) ... done
Processing asset /home/demo/www/website/var/assets/protouch-eu/products/runnning/shoes/ss14/elexir-iv-w_214605_white-purple-pink-blue_pro-touch.png ( 4714 ) ... done
Processing asset /home/demo/www/website/var/assets/protouch-eu/products/runnning/shoes/ss14/elexir-iv-w_sohle_214605_black-pink-lime_pro-touch.png ( 4715 ) ... done
Processing asset /home/demo/www/website/var/assets/protouch-eu/products/runnning/shoes/ss14/elexir-iv-w_sohle_214605_white-purple-pink-blue_pro-touch.png ( 4716 ) ... done
Processing asset /home/demo/www/website/var/assets/protouch-eu/products/runnning/shoes/ss14/new-york-ii-jr_214592_black-fiery-coral-yellow_pro-touch.png ( 4717 ) ... done
Processing asset /home/demo/www/website/var/assets/protouch-eu/products/runnning/shoes/ss14/new-york-ii-jr_214592_black-lime-grey_pro-touch.png ( 4718 ) ... done
Processing asset /home/demo/www/website/var/assets/protouch-eu/products/runnning/shoes/ss14/new-york-ii-jr_214592_black-pink-grey_pro-touch.png ( 4719 ) ... done
Processing asset /home/demo/www/website/var/assets/protouch-eu/products/runnning/shoes/ss14/new-york-ii-jr_sohle_214592_black-fiery-coral-yellow_pro-touch.png ( 4720 ) ... done
Processing asset /home/demo/www/website/var/assets/protouch-eu/products/runnning/shoes/ss14/new-york-ii-jr_sohle_214592_black-lime-grey_pro-touch.png ( 4721 ) ... done
Processing asset /home/demo/www/website/var/assets/protouch-eu/products/runnning/shoes/ss14/new-york-ii-jr_sohle_214592_black-pink-grey_pro-touch.png ( 4722 ) ... done
Processing asset /home/demo/www/website/var/assets/protouch-eu/products/runnning/shoes/ss14/new-york-ii-m_214588_black-fiery-coral-yellow_pro-touch.png ( 4723 ) ... done
Processing asset /home/demo/www/website/var/assets/protouch-eu/products/runnning/shoes/ss14/new-york-ii-m_214588_black-lime-grey_pro-touch.png ( 4724 ) ... done
Processing asset /home/demo/www/website/var/assets/protouch-eu/products/runnning/shoes/ss14/new-york-ii-m_sohle_214588_black-fiery-coral-yellow_pro-touch.png ( 4725 ) ... done
Processing asset /home/demo/www/website/var/assets/protouch-eu/products/runnning/shoes/ss14/new-york-ii-m_sohle_214588_black-lime-grey_pro-touch.png ( 4726 ) ... done
Processing asset /home/demo/www/website/var/assets/protouch-eu/products/runnning/shoes/ss14/new-york-ii-w_214589_black-pink-grey_pro-touch.png ( 4727 ) ... done
Processing asset /home/demo/www/website/var/assets/protouch-eu/products/runnning/shoes/ss14/new-york-ii-w_sohle_214589_black-pink-grey_pro-touch.png ( 4728 ) ... done
Processing asset /home/demo/www/website/var/assets/protouch-eu/products/runnning/shoes/ss14/oz-pro-iii-jr_214619_black-pink_pro-touch.png ( 4729 ) ... done
Processing asset /home/demo/www/website/var/assets/protouch-eu/products/runnning/shoes/ss14/oz-pro-iii-jr_214619_blue-lime_pro-touch.png ( 4730 ) ... done
Processing asset /home/demo/www/website/var/assets/protouch-eu/products/runnning/shoes/ss14/oz-pro-iii-jr_sohle_214619_black-pink_pro-touch.png ( 4731 ) ... done
Processing asset /home/demo/www/website/var/assets/protouch-eu/products/runnning/shoes/ss14/oz-pro-iii-jr_sohle_214619_blue-lime_pro-touch.png ( 4732 ) ... done
Processing asset /home/demo/www/website/var/assets/protouch-eu/products/runnning/shoes/ss14/oz-pro-iii-m_214613_black-white-lime_pro-touch.png ( 4733 ) ... done
Processing asset /home/demo/www/website/var/assets/protouch-eu/products/runnning/shoes/ss14/oz-pro-iii-m_214613_blue-lime_pro-touch.png ( 4734 ) ... done
Processing asset /home/demo/www/website/var/assets/protouch-eu/products/runnning/shoes/ss14/oz-pro-iii-m_214613_grey-fiery-coral-blue_pro-touch.png ( 4735 ) ... done
Processing asset /home/demo/www/website/var/assets/protouch-eu/products/runnning/shoes/ss14/oz-pro-iii-m_214613_lime-grey-black_pro-touch.png ( 4736 ) ... done
Processing asset /home/demo/www/website/var/assets/protouch-eu/products/runnning/shoes/ss14/oz-pro-iii-m_sohle_214613_black-white-lime_pro-touch.png ( 4737 ) ... done
Processing asset /home/demo/www/website/var/assets/protouch-eu/products/runnning/shoes/ss14/oz-pro-iii-m_sohle_214613_blue-lime_pro-touch.png ( 4738 ) ... done
Processing asset /home/demo/www/website/var/assets/protouch-eu/products/runnning/shoes/ss14/oz-pro-iii-m_sohle_214613_grey-fiery-coral-blue_pro-touch.png ( 4739 ) ... done
Processing asset /home/demo/www/website/var/assets/protouch-eu/products/runnning/shoes/ss14/oz-pro-iii-m_sohle_214613_lime-grey-black_pro-touch.png ( 4740 ) ... done
Processing asset /home/demo/www/website/var/assets/protouch-eu/products/runnning/shoes/ss14/oz-pro-iii-w_214616_black-pink_pro-touch.png ( 4741 ) ... done
Processing asset /home/demo/www/website/var/assets/protouch-eu/products/runnning/shoes/ss14/oz-pro-iii-w_214616_light-blue-pink_pro-touch.png ( 4742 ) ... done
Processing asset /home/demo/www/website/var/assets/protouch-eu/products/runnning/shoes/ss14/oz-pro-iii-w_214616_pink-lime_pro-touch.png ( 4743 ) ... done
Processing asset /home/demo/www/website/var/assets/protouch-eu/products/runnning/shoes/ss14/oz-pro-iii-w_sohle_214616_black-pink_pro-touch.png ( 4744 ) ... done
Processing asset /home/demo/www/website/var/assets/protouch-eu/products/runnning/shoes/ss14/oz-pro-iii-w_sohle_214616_light-blue-pink_pro-touch.png ( 4745 ) ... done
Processing asset /home/demo/www/website/var/assets/protouch-eu/products/runnning/shoes/ss14/oz-pro-iii-w_sohle_214616_pink-lime_pro-touch.png ( 4746 ) ... done
Processing asset /home/demo/www/website/var/assets/protouch-eu/products/bags/ss14/force-roller_.png ( 4747 ) ... done
Processing asset /home/demo/www/website/var/assets/protouch-eu/products/football/hardgods/balls/ss14/force-10_new_black-orange-white_pro-touch.png ( 4748 ) ... done
Processing asset /home/demo/www/website/var/assets/protouch-eu/products/football/hardgods/balls/ss14/force-10_new_blue-red-white_pro-touch.png ( 4749 ) ... done
Processing asset /home/demo/www/website/var/assets/protouch-eu/products/football/hardgods/balls/ss14/force-10_new_white-black-red_pro-touch.png ( 4750 ) ... done
Processing asset /home/demo/www/website/var/assets/protouch-eu/products/football/hardgods/balls/ss14/force-10_new_white-black-yellow_pro-touch.png ( 4751 ) ... done
Processing asset /home/demo/www/website/var/assets/protouch-eu/products/football/hardgods/balls/ss14/force-10_new_yellow-green-blue_pro-touch.png ( 4752 ) ... done
Processing asset /home/demo/www/website/var/assets/protouch-eu/products/football/hardgods/balls/ss14/force-30_new_green-black-white_pro-touch.png ( 4753 ) ... done
Processing asset /home/demo/www/website/var/assets/protouch-eu/products/football/hardgods/balls/ss14/force-30_new_white-black-blue-yellow_pro-touch.png ( 4754 ) ... done
Processing asset /home/demo/www/website/var/assets/protouch-eu/products/football/hardgods/balls/ss14/force-100-thb_new_white-black-blue_pro-touch.png ( 4755 ) ... done
Processing asset /home/demo/www/website/var/assets/protouch-eu/products/football/hardgods/balls/ss14/force-290-lite_new_orange-black-white_pro-touch.png ( 4756 ) ... done
Processing asset /home/demo/www/website/var/assets/protouch-eu/products/football/hardgods/balls/ss14/force-290-lite_new_white-black-orange_pro-touch.png ( 4757 ) ... done
Processing asset /home/demo/www/website/var/assets/protouch-eu/products/football/hardgods/balls/ss14/force-290-lite_new_white-black-yellow_pro-touch.png ( 4758 ) ... done
Processing asset /home/demo/www/website/var/assets/protouch-eu/products/football/hardgods/balls/ss14/force-290-lite_new_yellow-blue-black_pro-touch.png ( 4759 ) ... done
Processing asset /home/demo/www/website/var/assets/protouch-eu/products/football/hardgods/balls/ss14/force-350-lite_new_blue-neon-orange-black_pro-touch.png ( 4760 ) ... done
Processing asset /home/demo/www/website/var/assets/protouch-eu/products/football/hardgods/balls/ss14/force-350-lite_new_white-blue-yellow-black_pro-touch.png ( 4761 ) ... done
Processing asset /home/demo/www/website/var/assets/protouch-eu/products/football/hardgods/balls/ss14/force-1000-thb_new_white-black-red_pro-touch.png ( 4762 ) ... done
Processing asset /home/demo/www/website/var/assets/protouch-eu/products/football/hardgods/balls/ss14/force-3000_new_white-black-green_pro-touch.png ( 4763 ) ... done
Processing asset /home/demo/www/website/var/assets/protouch-eu/products/football/hardgods/balls/ss14/force-ag-hg_new_white-black-red_pro-touch.png ( 4764 ) ... done
Processing asset /home/demo/www/website/var/assets/protouch-eu/products/football/hardgods/balls/ss14/force-fs-100_new_orange-black-silver_pro-touch.png ( 4765 ) ... done
Processing asset /home/demo/www/website/var/assets/protouch-eu/products/football/hardgods/balls/ss14/force-indoor_new_yellow-black_pro-touch.png ( 4766 ) ... done
Processing asset /home/demo/www/website/var/assets/protouch-eu/products/football/hardgods/balls/ss14/force-mini_new_black-orange-white_pro-touch.png ( 4767 ) ... done
Processing asset /home/demo/www/website/var/assets/protouch-eu/products/football/hardgods/balls/ss14/force-mini_new_blue-red-white_pro-touch.png ( 4768 ) ... done
Processing asset /home/demo/www/website/var/assets/protouch-eu/products/football/hardgods/balls/ss14/force-mini_new_white-black-red_pro-touch.png ( 4769 ) ... done


Processing Page 29 ............

Processing asset /home/demo/www/website/var/assets/protouch-eu/products/football/hardgods/balls/ss14/force-mini_new_white-black-yellow_pro-touch.png ( 4770 ) ... done
Processing asset /home/demo/www/website/var/assets/protouch-eu/products/football/hardgods/balls/ss14/force-mini_new_yellow-green-blue_pro-touch.png ( 4771 ) ... done
Processing asset /home/demo/www/website/var/assets/protouch-eu/products/football/hardgods/balls/ss14/force-multiground_new_orange-black-silver_pro-touch.png ( 4772 ) ... done
Processing asset /home/demo/www/website/var/assets/protouch-eu/products/football/hardgods/balls/ss14/team-290-lite-hs_185511_white-black-blue_pro-touch.png ( 4773 ) ... done
Processing asset /home/demo/www/website/var/assets/protouch-eu/products/football/hardgods/balls/ss14/team-290-lite-hs_185512_white-black-yellow_pro-touch.png ( 4774 ) ... done
Processing asset /home/demo/www/website/var/assets/protouch-eu/products/football/hardgods/balls/ss14/team-350-lite-hs_185109_white-black-red_pro-touch.png ( 4775 ) ... done
Processing asset /home/demo/www/website/var/assets/protouch-eu/products/football/hardgods/balls/ss14/team-pro-thb_new_white-black_pro-touch.png ( 4776 ) ... done
Processing asset /home/demo/www/website/var/assets/protouch-eu/products/football/hardgods/balls/ss14/team-training_214974_white-black_pro-touch.png ( 4777 ) ... done
Processing asset /home/demo/www/website/var/assets/protouch-eu/products/football/hardgods/goalkeeper-gloves/ss14/force-30-bg-jr_innen_new_blue-orange_pro-touch.png ( 4778 ) ... done
Processing asset /home/demo/www/website/var/assets/protouch-eu/products/football/hardgods/goalkeeper-gloves/ss14/force-30-bg-jr_innen_new_white-black-yellow_pro-touch.png ( 4779 ) ... done
Processing asset /home/demo/www/website/var/assets/protouch-eu/products/football/hardgods/goalkeeper-gloves/ss14/force-30-bg-jr_new_blue-orange_pro-touch.png ( 4780 ) ... done
Processing asset /home/demo/www/website/var/assets/protouch-eu/products/football/hardgods/goalkeeper-gloves/ss14/force-30-bg-jr_new_white-black-yellow_pro-touch.png ( 4781 ) ... done
Processing asset /home/demo/www/website/var/assets/protouch-eu/products/football/hardgods/goalkeeper-gloves/ss14/force-300-ag_innen_new_black-red_pro-touch.png ( 4782 ) ... done
Processing asset /home/demo/www/website/var/assets/protouch-eu/products/football/hardgods/goalkeeper-gloves/ss14/force-300-ag_innen_new_blue-yellow_pro-touch.png ( 4783 ) ... done
Processing asset /home/demo/www/website/var/assets/protouch-eu/products/football/hardgods/goalkeeper-gloves/ss14/force-300-ag_new_black-red_pro-touch.png ( 4784 ) ... done
Processing asset /home/demo/www/website/var/assets/protouch-eu/products/football/hardgods/goalkeeper-gloves/ss14/force-300-ag_new_blue-yellow_pro-touch.png ( 4785 ) ... done
Processing asset /home/demo/www/website/var/assets/protouch-eu/products/football/hardgods/goalkeeper-gloves/ss14/force-500-pg-jr_innen_new_black-yellow_pro-touch.png ( 4786 ) ... done
Processing asset /home/demo/www/website/var/assets/protouch-eu/products/football/hardgods/goalkeeper-gloves/ss14/force-500-pg-jr_innen_new_blue-orange_pro-touch.png ( 4787 ) ... done
Processing asset /home/demo/www/website/var/assets/protouch-eu/products/football/hardgods/goalkeeper-gloves/ss14/force-500-pg-jr_new_black-yellow_pro-touch.png ( 4788 ) ... done
Processing asset /home/demo/www/website/var/assets/protouch-eu/products/football/hardgods/goalkeeper-gloves/ss14/force-500-pg-jr_new_blue-orange_pro-touch.png ( 4789 ) ... done
Processing asset /home/demo/www/website/var/assets/protouch-eu/products/football/hardgods/goalkeeper-gloves/ss14/force-1000-fs_innen_new_black-red-white_pro-touch.png ( 4790 ) ... done
Processing asset /home/demo/www/website/var/assets/protouch-eu/products/football/hardgods/goalkeeper-gloves/ss14/force-1000-fs_innen_new_blue-yellow_pro-touch.png ( 4791 ) ... done
Processing asset /home/demo/www/website/var/assets/protouch-eu/products/football/hardgods/goalkeeper-gloves/ss14/force-1000-fs_new_black-red-white_pro-touch.png ( 4792 ) ... done
Processing asset /home/demo/www/website/var/assets/protouch-eu/products/football/hardgods/goalkeeper-gloves/ss14/force-1000-fs_new_blue-yellow_pro-touch.png ( 4793 ) ... done
Processing asset /home/demo/www/website/var/assets/protouch-eu/products/football/hardgods/goalkeeper-gloves/ss14/force-1000-pg_innen_new_white-green-blue_pro-touch.png ( 4794 ) ... done
Processing asset /home/demo/www/website/var/assets/protouch-eu/products/football/hardgods/goalkeeper-gloves/ss14/force-1000-pg_innen_new_yellow-black_pro-touch.png ( 4795 ) ... done
Processing asset /home/demo/www/website/var/assets/protouch-eu/products/football/hardgods/goalkeeper-gloves/ss14/force-1000-pg_new_white-green-blue_pro-touch.png ( 4796 ) ... done
Processing asset /home/demo/www/website/var/assets/protouch-eu/products/football/hardgods/goalkeeper-gloves/ss14/force-1000-pg_new_yellow-black_pro-touch.png ( 4797 ) ... done
Processing asset /home/demo/www/website/var/assets/protouch-eu/products/football/hardgods/goalkeeper-gloves/ss14/force-3000-fs_innen_new_black-yellow_pro-touch.png ( 4798 ) ... done
Processing asset /home/demo/www/website/var/assets/protouch-eu/products/football/hardgods/goalkeeper-gloves/ss14/force-3000-fs_innen_new_blue-white_pro-touch.png ( 4799 ) ... done
Processing asset /home/demo/www/website/var/assets/protouch-eu/products/football/hardgods/goalkeeper-gloves/ss14/force-3000-fs_new_black-yellow_pro-touch.png ( 4800 ) ... done
Processing asset /home/demo/www/website/var/assets/protouch-eu/products/football/hardgods/goalkeeper-gloves/ss14/force-3000-fs_new_blue-white_pro-touch.png ( 4801 ) ... done
Processing asset /home/demo/www/website/var/assets/protouch-eu/products/football/hardgods/shinguards/ss14/force-30-hs_new_orange-black_pro-touch.png ( 4802 ) ... done
Processing asset /home/demo/www/website/var/assets/protouch-eu/products/football/hardgods/shinguards/ss14/force-30-hs_new_white-yellow-black_pro-touch.png ( 4803 ) ... done
Processing asset /home/demo/www/website/var/assets/protouch-eu/products/football/hardgods/shinguards/ss14/force-50-fs_new_black-red_pro-touch.png ( 4804 ) ... done
Processing asset /home/demo/www/website/var/assets/protouch-eu/products/football/hardgods/shinguards/ss14/force-100-fs_new_black-orange_pro-touch.png ( 4805 ) ... done
Processing asset /home/demo/www/website/var/assets/protouch-eu/products/football/hardgods/shinguards/ss14/force-100-fs_new_white-blue-black_pro-touch.png ( 4806 ) ... done
Processing asset /home/demo/www/website/var/assets/protouch-eu/products/football/hardgods/shinguards/ss14/force-300-hs_new_black-white_pro-touch.png ( 4807 ) ... done
Processing asset /home/demo/www/website/var/assets/protouch-eu/products/football/hardgods/shinguards/ss14/force-300-hs_new_white-yellow-black_pro-touch.png ( 4808 ) ... done
Processing asset /home/demo/www/website/var/assets/protouch-eu/products/football/hardgods/shinguards/ss14/force-500-fs_new_black-green_pro-touch.png ( 4809 ) ... done
Processing asset /home/demo/www/website/var/assets/protouch-eu/products/football/hardgods/shinguards/ss14/force-500-fs_new_white-black-red_pro-touch.png ( 4810 ) ... done
Processing asset /home/demo/www/website/var/assets/protouch-eu/products/football/hardgods/shinguards/ss14/force-800-hs-lite_guard_pro-touch_lowres.png ( 4811 ) ... done
Processing asset /home/demo/www/website/var/assets/protouch-eu/products/football/hardgods/shinguards/ss14/force-800-hs-lite_new_yellow-blue-black_pro-touch.png ( 4812 ) ... done
Processing asset /home/demo/www/website/var/assets/protouch-eu/products/football/hardgods/shinguards/ss14/force-1000-hs_new_black-white_pro-touch.png ( 4813 ) ... done
Processing asset /home/demo/www/website/var/assets/protouch-eu/products/football/hardgods/shinguards/ss14/force-3000-hs_new_chrome-blue-black_pro-touch.png ( 4814 ) ... done
Processing asset /home/demo/www/website/var/assets/protouch-eu/products/volleyball/balls/ss14/beach-time_new_orange-blue-white_pro-touch.png ( 4815 ) ... done
Processing asset /home/demo/www/website/var/assets/protouch-eu/products/volleyball/balls/ss14/beach-time_new_white-blue-pink_pro-touch.png ( 4816 ) ... done
Processing asset /home/demo/www/website/var/assets/protouch-eu/products/volleyball/balls/ss14/bv-1000_new_orange-white-blue_pro-touch.png ( 4817 ) ... done
Processing asset /home/demo/www/website/var/assets/protouch-eu/products/volleyball/balls/ss14/bv-1000_new_yellow-blue-green_pro-touch.png ( 4818 ) ... done
Processing asset /home/demo/www/website/var/assets/protouch-eu/products/volleyball/balls/ss14/mp-200_new_white-green-red_pro-touch.png ( 4819 ) ... done
Processing asset /home/demo/www/website/var/assets/protouch-eu/products/football/accessories/ss14/pro-touch-skin-tape_215300_black_pro-touch.png ( 4820 ) ... done
Processing asset /home/demo/www/website/var/assets/protouch-eu/products/football/accessories/ss14/pro-touch-skin-tape_215300_blue_pro-touch.png ( 4821 ) ... done
Processing asset /home/demo/www/website/var/assets/protouch-eu/products/football/accessories/ss14/pro-touch-skin-tape_215300_pink_pro-touch.png ( 4822 ) ... done
Processing asset /home/demo/www/website/var/assets/protouch-eu/products/football/accessories/ss14/pro-touch-tape-2-5cm_215294_white_pro-touch.png ( 4823 ) ... done
Processing asset /home/demo/www/website/var/assets/protouch-eu/products/football/accessories/ss14/pro-touch-tape-3-8cm_215287_white_pro-touch.png ( 4824 ) ... done
Processing asset /home/demo/www/website/var/assets/protouch-eu/products/football/apparel/fw13_14/buffon-ux_204779_black_red-light_pro-touch_lowres.jpg ( 4825 ) ... done
Processing asset /home/demo/www/website/var/assets/protouch-eu/products/football/apparel/fw13_14/kids/desailly-dietz-jrs_204984_black-green_pro-touch.png ( 4826 ) ... done
Processing asset /home/demo/www/website/var/assets/protouch-eu/products/football/apparel/fw13_14/kids/diouf-jrs_204994_green_pro-touch.png ( 4827 ) ... done
Processing asset /home/demo/www/website/var/assets/protouch-eu/products/football/apparel/fw13_14/kids/draxler-jrs_205001_blue-dark_pro-touch.png ( 4828 ) ... done
Processing asset /home/demo/www/website/var/assets/protouch-eu/products/football/apparel/fw13_14/franjo-ux_190570_black_pro-touch.png ( 4829 ) ... done
Processing asset /home/demo/www/website/var/assets/protouch-eu/products/football/apparel/fw13_14/salvador_ux_182565_black_white.png ( 4830 ) ... done
Processing asset /home/demo/www/website/var/assets/protouch-eu/products/football/apparel/fw13_14/samir_ux_182582_red_white.jpg ( 4831 ) ... done
Processing asset /home/demo/www/website/var/assets/protouch-eu/products/technologies/runsafe-logo-icons.png ( 4832 ) ... done
Processing asset /home/demo/www/website/var/assets/protouch-eu/products/technologies/lycra_sport_logo_glow.gif ( 4833 ) ... done
Processing asset /home/demo/www/website/var/assets/protouch-eu/products/football/apparel/fw12_13/diouf-jrs_204994_green_pro-touch.png ( 4834 ) ... done
Processing asset /home/demo/www/website/var/assets/protouch-eu/products/football/apparel/fw12_13/draxler-jrs_205001_blue-dark_pro-touch.png ( 4835 ) ... done
Processing asset /home/demo/www/website/var/assets/protouch-eu/products/football/apparel/fw12_13/sherman-ux_205974_white_front_pro-touch.png ( 4836 ) ... done
Processing asset /home/demo/www/website/var/assets/protouch-eu/images/content/runsafe/meta_teaser_runsafe.png ( 4845 ) ... done
Processing asset /home/demo/www/website/var/assets/protouch-eu/images/content/runsafe/miniteaser_runsafe.jpg ( 4846 ) ... done
Processing asset /home/demo/www/website/var/assets/protouch-eu/images/content/runsafe/runsafe_big.jpg ( 4847 ) ... done
Processing asset /home/demo/www/website/var/assets/protouch-eu/images/content/runsafe/runsafe_small.jpg ( 4848 ) ... done
Processing asset /home/demo/www/website/var/assets/features/variants.png ( 4850 ) ... done
Processing asset /home/demo/www/website/var/assets/features/variants2_1.png ( 4852 ) ... done
Processing asset /home/demo/www/website/var/assets/features/filters1.png ( 4853 ) ... done
Processing asset /home/demo/www/website/var/assets/features/filters2.png ( 4854 ) ... done
Processing asset /home/demo/www/website/var/assets/features/pricing4.png ( 4855 ) ... done
Processing asset /home/demo/www/website/var/assets/features/pricing3.png ( 4856 ) ... done
Processing asset /home/demo/www/website/var/assets/features/pricing5.png ( 4857 ) ... done
Processing asset /home/demo/www/website/var/assets/features/pricing1.png ( 4858 ) ... done
Processing asset /home/demo/www/website/var/assets/features/pricing2.png ( 4859 ) ... done
Processing asset /home/demo/www/website/var/assets/features/crossselling3.png ( 4860 ) ... done
Processing asset /home/demo/www/website/var/assets/features/crossselling2.png ( 4861 ) ... done
Processing asset /home/demo/www/website/var/assets/features/crossselling1.png ( 4862 ) ... done
Processing asset /home/demo/www/website/var/assets/portal.png ( 4863 ) ... done
Processing asset /home/demo/www/website/var/assets/features/targeting2.png ( 4864 ) ... done
Processing asset /home/demo/www/website/var/assets/features/targeting3.png ( 4865 ) ... done
Processing asset /home/demo/www/website/var/assets/features/targeting1.png ( 4866 ) ... done
Processing asset /home/demo/www/website/var/assets/features/attributes1.png ( 4867 ) ... done
Processing asset /home/demo/www/website/var/assets/features/attributes4.png ( 4868 ) ... done
Processing asset /home/demo/www/website/var/assets/features/attributes2.png ( 4869 ) ... done
Processing asset /home/demo/www/website/var/assets/features/attributes3.png ( 4870 ) ... done
Processing asset /home/demo/www/website/var/assets/pimcore_logo_2013_big.png ( 4871 ) ... done
Processing asset /home/demo/www/website/var/assets/ales-3in1-wms-173082-multicolor-white-mckinley.png ( 4872 ) ... done
Processing asset /home/demo/www/website/var/assets/basketball_big.jpg ( 4873 ) ... done
done
