

Processing Page 20 ............

Processing asset /home/demo/www/website/var/assets/mckinley-eu/product_images/ss13/hardware/rucksacke/mountain-tec/midnight-sun-24-rc_new_blue-blue-royal-orange-dark_mckinley_lowres.jpg ( 3503 ) ... done
Processing asset /home/demo/www/website/var/assets/mckinley-eu/product_images/ss13/hardware/rucksacke/mountain-tec/mini-waist-bag_101301_anthracite-allover.jpg ( 3504 ) ... done
Processing asset /home/demo/www/website/var/assets/mckinley-eu/product_images/ss13/hardware/rucksacke/mountain-tec/mini-waist-bag_101301_turquoise-allover.jpg ( 3505 ) ... done
Processing asset /home/demo/www/website/var/assets/mckinley-eu/product_images/ss13/hardware/rucksacke/mountain-tec/minto-20_150690_black-anthracite_mckinley_lowres.jpg ( 3506 ) ... done
Processing asset /home/demo/www/website/var/assets/mckinley-eu/product_images/ss13/hardware/rucksacke/mountain-tec/minto-20_150690_blueaqua-blue-grey_mckinley_lowres.jpg ( 3507 ) ... done
Processing asset /home/demo/www/website/var/assets/mckinley-eu/product_images/ss13/hardware/rucksacke/mountain-tec/minto-20_150690_green-green-light_mckinley_lowres.jpg ( 3508 ) ... done
Processing asset /home/demo/www/website/var/assets/mckinley-eu/product_images/ss13/hardware/rucksacke/mountain-tec/minto-20_150690_red-grey_mckinley_lowres.jpg ( 3509 ) ... done
Processing asset /home/demo/www/website/var/assets/mckinley-eu/product_images/ss13/hardware/rucksacke/mountain-tec/minto-30_150689_black-anthracite_mckinley_lowres.jpg ( 3510 ) ... done
Processing asset /home/demo/www/website/var/assets/mckinley-eu/product_images/ss13/hardware/rucksacke/mountain-tec/minto-30_150689_blueaqua-blue-grey_mckinley_lowres.jpg ( 3511 ) ... done
Processing asset /home/demo/www/website/var/assets/mckinley-eu/product_images/ss13/hardware/rucksacke/mountain-tec/minto-30_150689_red-grey_mckinley_lowres.jpg ( 3512 ) ... done
Processing asset /home/demo/www/website/var/assets/mckinley-eu/product_images/ss13/hardware/rucksacke/mountain-tec/northern-light-20-rc_new_olive-light-green-light-blue-petrol_mckinley_lowres.jpg ( 3513 ) ... done
Processing asset /home/demo/www/website/var/assets/mckinley-eu/product_images/ss13/hardware/rucksacke/mountain-tec/northern-light-24w-rc_new_violet-dark-violet-dark-green-lime_mckinley_lowres.jpg ( 3514 ) ... done
Processing asset /home/demo/www/website/var/assets/mckinley-eu/product_images/ss13/hardware/rucksacke/mountain-tec/northern-light-26-rc_new_black-anthracite-blue-petrol_mckinley_lowres.jpg ( 3515 ) ... done
Processing asset /home/demo/www/website/var/assets/mckinley-eu/product_images/ss13/hardware/rucksacke/mountain-tec/northern-light-26-rc_new_red-red-blue-petrol_mckinley_lowres.jpg ( 3516 ) ... done
Processing asset /home/demo/www/website/var/assets/mckinley-eu/product_images/ss13/hardware/rucksacke/mountain-tec/oxford_140153_anthracite-black-allover-turquoise_mckinley_lowres.jpg ( 3517 ) ... done
Processing asset /home/demo/www/website/var/assets/mckinley-eu/product_images/ss13/hardware/rucksacke/mountain-tec/oxford_140153_black_mckinley_lowres.jpg ( 3518 ) ... done
Processing asset /home/demo/www/website/var/assets/mckinley-eu/product_images/ss13/hardware/rucksacke/mountain-tec/packing-cube-5l_145465_anthracite-allover.jpg ( 3519 ) ... done
Processing asset /home/demo/www/website/var/assets/mckinley-eu/product_images/ss13/hardware/rucksacke/mountain-tec/packing-cube-10l_145465_anthracite-allover.jpg ( 3520 ) ... done
Processing asset /home/demo/www/website/var/assets/mckinley-eu/product_images/ss13/hardware/rucksacke/mountain-tec/reno_180422_anthracite-black-pink-allover_mckinley_lowres.jpg ( 3521 ) ... done
Processing asset /home/demo/www/website/var/assets/mckinley-eu/product_images/ss13/hardware/rucksacke/mountain-tec/reno_180422_black_mckinley_lowres.jpg ( 3522 ) ... done
Processing asset /home/demo/www/website/var/assets/mckinley-eu/product_images/ss13/hardware/rucksacke/mountain-tec/reno_180422_black-turquoise-allover_mckinley_lowres.jpg ( 3523 ) ... done
Processing asset /home/demo/www/website/var/assets/mckinley-eu/product_images/ss13/hardware/rucksacke/mountain-tec/reno_180422_white-pink-allover_mckinley_lowres.jpg ( 3524 ) ... done
Processing asset /home/demo/www/website/var/assets/mckinley-eu/product_images/ss13/hardware/rucksacke/mountain-tec/ricky_blue-royal-blue-dark-green-lime-allover_mckinley_lowres.jpg ( 3525 ) ... done
Processing asset /home/demo/www/website/var/assets/mckinley-eu/product_images/ss13/hardware/rucksacke/mountain-tec/ricky_pink-dark-pink-blue-light-allover_mckinley_lowres.jpg ( 3526 ) ... done
Processing asset /home/demo/www/website/var/assets/mckinley-eu/product_images/ss13/hardware/rucksacke/mountain-tec/ride-25_145407_black_mckinley_lowres.jpg ( 3527 ) ... done
Processing asset /home/demo/www/website/var/assets/mckinley-eu/product_images/ss13/hardware/rucksacke/mountain-tec/ride-25_145407_anthracite-black-allover-turquoise_mckinley_lowres.jpg ( 3528 ) ... done
Processing asset /home/demo/www/website/var/assets/mckinley-eu/product_images/ss13/hardware/rucksacke/mountain-tec/santa-cruz_180380_black_mckinley_lowres.jpg ( 3529 ) ... done
Processing asset /home/demo/www/website/var/assets/mckinley-eu/product_images/ss13/hardware/rucksacke/mountain-tec/santa-cruz_180380_anthracite-black-pink-allover_mckinley_lowres.jpg ( 3530 ) ... done
Processing asset /home/demo/www/website/var/assets/mckinley-eu/product_images/ss13/hardware/rucksacke/mountain-tec/santa-cruz_180380_black-turquoise-allover_mckinley_lowres.jpg ( 3531 ) ... done
Processing asset /home/demo/www/website/var/assets/mckinley-eu/product_images/ss13/hardware/rucksacke/mountain-tec/tilicho-30w-8_178840_turquoise-yellow-dark.jpg ( 3532 ) ... done
Processing asset /home/demo/www/website/var/assets/mckinley-eu/product_images/ss13/hardware/rucksacke/mountain-tec/tilicho-30w-8_178840_turquoise-yellow-dark_mckinley_lowres.jpg ( 3533 ) ... done
Processing asset /home/demo/www/website/var/assets/mckinley-eu/product_images/ss13/hardware/rucksacke/mountain-tec/tilicho-32-8_145414_blue-royal-white_mckinley_lowres.jpg ( 3534 ) ... done
Processing asset /home/demo/www/website/var/assets/mckinley-eu/product_images/ss13/hardware/rucksacke/mountain-tec/tilicho-32-8_145414-black_mckinley_lowres.jpg ( 3535 ) ... done
Processing asset /home/demo/www/website/var/assets/mckinley-eu/product_images/ss13/hardware/rucksacke/mountain-tec/vancouver_101266_anthracite-black-pink-allover_mckinley_lowres.jpg ( 3536 ) ... done
Processing asset /home/demo/www/website/var/assets/mckinley-eu/product_images/ss13/hardware/rucksacke/mountain-tec/vancouver_101266_black_mckinley_lowres.jpg ( 3537 ) ... done
Processing asset /home/demo/www/website/var/assets/mckinley-eu/product_images/ss13/hardware/rucksacke/mountain-tec/vancouver_101266_black-turquoise-allover_mckinley_lowres.jpg ( 3538 ) ... done
Processing asset /home/demo/www/website/var/assets/mckinley-eu/product_images/ss13/hardware/rucksacke/mountain-tec/vancouver_101266_blue-dark_mckinley_lowres.jpg ( 3539 ) ... done
Processing asset /home/demo/www/website/var/assets/mckinley-eu/product_images/ss13/hardware/rucksacke/mountain-tec/vancouver_101266_blue-light_mckinley_lowres.jpg ( 3540 ) ... done
Processing asset /home/demo/www/website/var/assets/mckinley-eu/product_images/ss13/hardware/rucksacke/mountain-tec/vancouver_101266_green-lime_mckinley_lowres.jpg ( 3541 ) ... done
Processing asset /home/demo/www/website/var/assets/mckinley-eu/product_images/ss13/hardware/rucksacke/mountain-tec/vancouver_101266_grey-dark_mckinley_lowres.jpg ( 3542 ) ... done
Processing asset /home/demo/www/website/var/assets/mckinley-eu/product_images/ss13/hardware/rucksacke/mountain-tec/vancouver_101266_olive_mckinley_lowres.jpg ( 3543 ) ... done
Processing asset /home/demo/www/website/var/assets/mckinley-eu/product_images/ss13/hardware/rucksacke/mountain-tec/vancouver_101266_red_mckinley_lowres.jpg ( 3544 ) ... done
Processing asset /home/demo/www/website/var/assets/mckinley-eu/product_images/ss13/hardware/rucksacke/mountain-tec/vancouver_101266_violet_mckinley_lowres.jpg ( 3545 ) ... done
Processing asset /home/demo/www/website/var/assets/mckinley-eu/product_images/ss13/hardware/rucksacke/mountain-tec/vancouver_101266_white-pink-allover_mckinley_lowes.jpg ( 3546 ) ... done
Processing asset /home/demo/www/website/var/assets/mckinley-eu/product_images/ss13/hardware/rucksacke/mountain-tec/waist-bag_101258_anthracite-allover.jpg ( 3547 ) ... done
Processing asset /home/demo/www/website/var/assets/mckinley-eu/product_images/ss13/hardware/rucksacke/mountain-tec/waist-bag_101258_turquoise-allover.jpg ( 3548 ) ... done
Processing asset /home/demo/www/website/var/assets/mckinley-eu/product_images/ss13/hardware/rucksacke/mountain-tec/wash-bag-compact-maxi_145462_anthracite-allover.jpg ( 3549 ) ... done
Processing asset /home/demo/www/website/var/assets/mckinley-eu/product_images/ss13/hardware/rucksacke/mountain-tec/wash-bag-compact-mini_145463_anthracite-allover.jpg ( 3550 ) ... done
Processing asset /home/demo/www/website/var/assets/mckinley-eu/product_images/ss13/hardware/rucksacke/mountain-tec/wash-bag-compact-mini_145463_turquoise-allover.jpg ( 3551 ) ... done
Processing asset /home/demo/www/website/var/assets/mckinley-eu/product_images/ss13/hardware/rucksacke/mountain-tec/wash-bag-luxe_118166_anthracite-allover.jpg ( 3552 ) ... done
Processing asset /home/demo/www/website/var/assets/mckinley-eu/product_images/ss13/hardware/rucksacke/mountain-tec/wash-bag-luxe_118166_turquoise-allover.jpg ( 3553 ) ... done
Processing asset /home/demo/www/website/var/assets/mckinley-eu/product_images/ss13/hardware/rucksacke/mountain-tec/youngster_blue-dark-blue-royal-green-lime_mckinley_lowres.jpg ( 3554 ) ... done
Processing asset /home/demo/www/website/var/assets/mckinley-eu/product_images/ss13/hardware/rucksacke/mountain-tec/youngster_blue-blue-light-pink_mckinley_lowres.jpg ( 3555 ) ... done
Processing asset /home/demo/www/website/var/assets/mckinley-eu/product_images/ss13/hardware/rucksacke/mountain-tec/yukon-45-10-rc_new_green_mckinley_lowres.jpg ( 3556 ) ... done
Processing asset /home/demo/www/website/var/assets/mckinley-eu/product_images/ss13/hardware/rucksacke/mountain-tec/yukon-50w-10-rc_new_pink-dark_mckinley_lowres.jpg ( 3557 ) ... done
Processing asset /home/demo/www/website/var/assets/mckinley-eu/product_images/ss13/hardware/rucksacke/mountain-tec/yukon-55-10-rc_150780_red_mckinley_lowres.jpg ( 3558 ) ... done
Processing asset /home/demo/www/website/var/assets/mckinley-eu/product_images/ss13/hardware/rucksacke/mountain-tec/yukon-60w-10-rc_171606_turquoise_mckinley_lowres.jpg ( 3559 ) ... done
Processing asset /home/demo/www/website/var/assets/mckinley-eu/product_images/ss13/hardware/rucksacke/mountain-tec/yukon-65-10-rc_150769_blue-petrol_mckinley_lowres.jpg ( 3560 ) ... done
Processing asset /home/demo/www/website/var/assets/mckinley-eu/product_images/ss13/hardware/rucksacke/mountain-tec/yukon-75-10-rc_150768_anthracite_mckinley_lowres.jpg ( 3561 ) ... done
Processing asset /home/demo/www/website/var/assets/mckinley-eu/product_images/ss13/hardware/mats/travel-l38_150527_grey-dark_grey_mckinley_lowres.jpg ( 3571 ) ... done
Processing asset /home/demo/www/website/var/assets/mckinley-eu/product_images/ss12/hardware/rucksack/mountain-tec/barrow_mckinley_lowres.jpg ( 3600 ) ... done
Processing asset /home/demo/www/website/var/assets/mckinley-eu/product_images/ss12/hardware/rucksack/mountain-tec/kenai-50w-10_171658_dark-violet-dark-grey_mckinley_lowres.jpg ( 3601 ) ... done
Processing asset /home/demo/www/website/var/assets/mckinley-eu/product_images/ss12/hardware/rucksack/mountain-tec/kenai-55-10_150106_red_mckinley_lowres.jpg ( 3602 ) ... done
Processing asset /home/demo/www/website/var/assets/mckinley-eu/product_images/ss12/hardware/rucksack/mountain-tec/kenai-75-10_150104_blue_mckinley_lowres.jpg ( 3603 ) ... done
Processing asset /home/demo/www/website/var/assets/mckinley-eu/product_images/ss12/hardware/rucksack/active-outdoor/cougar-30w-rc_171616_black-pink_mckinley_lowres.jpg ( 3604 ) ... done
Processing asset /home/demo/www/website/var/assets/mckinley-eu/product_images/ss12/hardware/rucksack/active-outdoor/cougar-35-rc_150674_blue-blue-aqua_mckinley_lowres.jpg ( 3605 ) ... done
Processing asset /home/demo/www/website/var/assets/mckinley-eu/product_images/ss12/hardware/rucksack/active-outdoor/cougar-40-rc_150673_black-olive-light_mckinley_lowres.jpg ( 3606 ) ... done
Processing asset /home/demo/www/website/var/assets/mckinley-eu/product_images/ss12/hardware/rucksack/active-outdoor/cougar-40-rc_150674_red-dark-red_mckinley_lowres.jpg ( 3607 ) ... done
Processing asset /home/demo/www/website/var/assets/mckinley-eu/product_images/ss12/hardware/rucksack/active-outdoor/falcon-25-w_171659_blue-light-anthracite_mckinley_lowres.jpg ( 3608 ) ... done
Processing asset /home/demo/www/website/var/assets/mckinley-eu/product_images/ss12/hardware/rucksack/active-outdoor/falcon-28_150683_black-anhracite_mckinley_lowres.jpg ( 3609 ) ... done
Processing asset /home/demo/www/website/var/assets/mckinley-eu/product_images/ss12/hardware/rucksack/active-outdoor/falcon-28_150683_blue_mckinley_lowres.jpg ( 3610 ) ... done
Processing asset /home/demo/www/website/var/assets/mckinley-eu/product_images/ss12/hardware/rucksack/active-outdoor/falcon-28_150683_red-dark_mckinley_lowres.jpg ( 3611 ) ... done
Processing asset /home/demo/www/website/var/assets/mckinley-eu/product_images/ss12/hardware/rucksack/active-outdoor/falcon-28_150683_yellow-light-anthracite_mckinley_lowres.jpg ( 3612 ) ... done
Processing asset /home/demo/www/website/var/assets/mckinley-eu/product_images/ss12/hardware/rucksack/active-outdoor/falcon-35_150682_black-anthracite_mckinley_lowres.jpg ( 3613 ) ... done
Processing asset /home/demo/www/website/var/assets/mckinley-eu/product_images/ss12/hardware/rucksack/active-outdoor/falcon-35_150682_blue-anthracite_mckinley_lowres.jpg ( 3614 ) ... done
Processing asset /home/demo/www/website/var/assets/mckinley-eu/product_images/ss12/hardware/rucksack/active-outdoor/falcon-35_150682_red-anthracite_mckinley_lowres.jpg ( 3615 ) ... done
Processing asset /home/demo/www/website/var/assets/mckinley-eu/product_images/ss12/hardware/rucksack/active-outdoor/lynx-25w-rc_171612_black-pink_mckinley_lowres.jpg ( 3616 ) ... done
Processing asset /home/demo/www/website/var/assets/mckinley-eu/product_images/ss12/hardware/rucksack/active-outdoor/lynx-28-rc_171611_black-olive-light_mckinley_lowres.jpg ( 3617 ) ... done
Processing asset /home/demo/www/website/var/assets/mckinley-eu/product_images/ss12/hardware/rucksack/active-outdoor/lynx-28-rc_171611_blueaqua-blue_mckinley_lowres.jpg ( 3618 ) ... done
Processing asset /home/demo/www/website/var/assets/mckinley-eu/product_images/ss12/hardware/rucksack/active-outdoor/beaver-25_150688_black-anthracite_mckinley_lowres.jpg ( 3619 ) ... done
Processing asset /home/demo/www/website/var/assets/mckinley-eu/product_images/ss12/hardware/rucksack/active-outdoor/beaver-25_150688_green-light-black_mckinley_lowres.jpg ( 3620 ) ... done
Processing asset /home/demo/www/website/var/assets/mckinley-eu/product_images/ss12/hardware/rucksack/active-outdoor/beaver-35_150687_black-anthracite_mckinley_lowres.jpg ( 3621 ) ... done
Processing asset /home/demo/www/website/var/assets/mckinley-eu/product_images/ss12/hardware/rucksack/active-outdoor/beaver-35_150687_blue-aqua-black_mckinley_lowres.jpg ( 3622 ) ... done
Processing asset /home/demo/www/website/var/assets/mckinley-eu/product_images/ss12/hardware/rucksack/active-outdoor/beaver-35_150687_red-black_mckinley_lowres.jpg ( 3623 ) ... done
Processing asset /home/demo/www/website/var/assets/mckinley-eu/product_images/ss12/hardware/rucksack/active-outdoor/minto-20_150690_green-green-light_mckinley_lowres.jpg ( 3624 ) ... done
Processing asset /home/demo/www/website/var/assets/mckinley-eu/product_images/ss12/hardware/rucksack/active-outdoor/minto-25-w_171619_blue-light-anthracite_mckinley_lowres.jpg ( 3625 ) ... done
Processing asset /home/demo/www/website/var/assets/mckinley-eu/product_images/ss12/hardware/rucksack/active-outdoor/minto-30_150689_anthracite-black_mckinley_lowres.jpg ( 3626 ) ... done
Processing asset /home/demo/www/website/var/assets/mckinley-eu/product_images/ss12/hardware/rucksack/active-outdoor/minto-30_150689_blue-aqua-blue_mckinley_lowres.jpg ( 3627 ) ... done
Processing asset /home/demo/www/website/var/assets/mckinley-eu/product_images/ss12/hardware/rucksack/active-outdoor/minto-30_150689_red-red-dark_mckinley_lowres.jpg ( 3628 ) ... done
Processing asset /home/demo/www/website/var/assets/mckinley-eu/product_images/ss13/hardware/sleepingbags/dalton-trek-4-195_new_red-dark-red-grey-light_mckinley_lowres.jpg ( 3636 ) ... done
Processing asset /home/demo/www/website/var/assets/mckinley-eu/product_images/ss13/hardware/sleepingbags/dalton-trek-4-210_new_blue-dark-blue-grey-light_mckinley_lowres.jpg ( 3637 ) ... done
Processing asset /home/demo/www/website/var/assets/mckinley-eu/product_images/ss13/hardware/sleepingbags/dalton-trek-jr-145_149904_green-lime-multicolor-allover_mckinley_lowres.jpg ( 3638 ) ... done
Processing asset /home/demo/www/website/var/assets/mckinley-eu/product_images/ss13/hardware/sleepingbags/dalton-trek-jr-160_149904_green-lime-multicolor-allover_mckinley_lowres.jpg ( 3639 ) ... done
Processing asset /home/demo/www/website/var/assets/mckinley-eu/product_images/ss13/hardware/sleepingbags/dalton-trek-jr-comfort_149905_green-lime-multicolor-allover_mckinley_lowres.jpg ( 3640 ) ... done
Processing asset /home/demo/www/website/var/assets/mckinley-eu/product_images/ss13/hardware/sleepingbags/denali-alpine-19_118019_red-white-charcoal_mckinley.jpg ( 3641 ) ... done
Processing asset /home/demo/www/website/var/assets/mckinley-eu/product_images/ss13/hardware/sleepingbags/denali-alpine-26_118013_blue-white-charcoal_mckinley.jpg ( 3642 ) ... done
Processing asset /home/demo/www/website/var/assets/mckinley-eu/product_images/ss13/hardware/sleepingbags/denali-alpine-19w_149689_fanfare-white-charcoal_mckinley_lowres.jpg ( 3643 ) ... done
Processing asset /home/demo/www/website/var/assets/mckinley-eu/product_images/ss13/hardware/sleepingbags/kodiak-4_186924_black-green_mckinley_lowres.jpg ( 3644 ) ... done
Processing asset /home/demo/www/website/var/assets/mckinley-eu/product_images/ss13/hardware/sleepingbags/kodiak-13_186923_black-red_mckinley_lowres.jpg ( 3645 ) ... done
Processing asset /home/demo/www/website/var/assets/mckinley-eu/product_images/ss13/hardware/sleepingbags/kodiak-ultra-light_186925_black-red_mckinley_lowres.jpg ( 3646 ) ... done


Processing Page 21 ............

Processing asset /home/demo/www/website/var/assets/mckinley-eu/product_images/ss13/hardware/sleepingbags/laguna_149936_blue_mckinley_lowres.jpg ( 3647 ) ... done
Processing asset /home/demo/www/website/var/assets/mckinley-eu/product_images/ss13/hardware/sleepingbags/orion_171562_black-blue-petrol_mckinley_lowres.jpg ( 3648 ) ... done
Processing asset /home/demo/www/website/var/assets/mckinley-eu/product_images/ss13/hardware/sleepingbags/racoon-ext_150021_anthracite-violet-greylight_mckinley_lowres.jpg ( 3649 ) ... done
Processing asset /home/demo/www/website/var/assets/mckinley-eu/product_images/ss13/hardware/sleepingbags/racoon-ext_150021_blue-dark-blue-grey-light_mckinley_lowres.jpg ( 3650 ) ... done
Processing asset /home/demo/www/website/var/assets/mckinley-eu/product_images/ss13/hardware/sleepingbags/ricky-racoon_150022_green-lime-green-dark-grey-light_mckinley_lowres.jpg ( 3651 ) ... done
Processing asset /home/demo/www/website/var/assets/mckinley-eu/product_images/ss13/hardware/sleepingbags/ricky-racoon_150022_pink-pink-dark-grey-light_mckinley_lowres.jpg ( 3652 ) ... done
Processing asset /home/demo/www/website/var/assets/mckinley-eu/product_images/ss13/hardware/sleepingbags/space-light_171558_blue-blue-royal-grey-light_mckinley_lowres.jpg ( 3653 ) ... done
Processing asset /home/demo/www/website/var/assets/mckinley-eu/product_images/ss13/hardware/sleepingbags/space-light-w_171559_turquoise-green-aqua-grey-light_mcminley_lowres.jpg ( 3654 ) ... done
Processing asset /home/demo/www/website/var/assets/mckinley-eu/product_images/ss13/hardware/sleepingbags/traveller-light-800_new_red-grey-light_mckinley_lowres.jpg ( 3655 ) ... done
Processing asset /home/demo/www/website/var/assets/mckinley-eu/product_images/ss13/hardware/sleepingbags/traveller-light-1000-185_new_blue-grey-light_mckinley_lowres.jpg ( 3656 ) ... done
Processing asset /home/demo/www/website/var/assets/mckinley-eu/product_images/ss13/hardware/sleepingbags/traveller-light-1100-195_new_blue-grey-light_mckinley_lowres.jpg ( 3657 ) ... done
Processing asset /home/demo/www/website/var/assets/mckinley-eu/product_images/ss13/hardware/sleepingbags/twilight-171560_green-anthracite-grey-light_mckinley_lowres.jpg ( 3658 ) ... done
Processing asset /home/demo/www/website/var/assets/mckinley-eu/product_images/ss13/hardware/sleepingbags/twilight-w-171561_blue-light-anthracite-grey-light_mckinley_lowres.jpg ( 3659 ) ... done
Processing asset /home/demo/www/website/var/assets/mckinley-eu/product_images/ss13/hardware/sleepingbags/vertical-tubes_new_orange-black_mckinley_lowres.jpg ( 3660 ) ... done
Processing asset /home/demo/www/website/var/assets/mckinley-eu/product_images/ss13/hardware/sleepingbags/vertical-tubes-pvc_new_blue-smoke-grey_mckinley_lowres.jpg ( 3661 ) ... done
Processing asset /home/demo/www/website/var/assets/mckinley-eu/product_images/ss13/hardware/sleepingbags/x-treme-light-600_117936_blue-darkblue-white-grey_mckinley.jpg ( 3662 ) ... done
Processing asset /home/demo/www/website/var/assets/mckinley-eu/product_images/ss13/hardware/sleepingbags/x-treme-light-600_117936_greenlime-greenlight-white_mckinley.jpg ( 3663 ) ... done
Processing asset /home/demo/www/website/var/assets/mckinley-eu/product_images/ss13/hardware/sleepingbags/x-treme-light-600_117936_red-darkred-white-grey_mckinley.jpg ( 3664 ) ... done
Processing asset /home/demo/www/website/var/assets/mckinley-eu/product_images/ss13/hardware/sleepingbags/x-treme-light-1000_149740_black-white-grey_mckinley.jpg ( 3665 ) ... done
Processing asset /home/demo/www/website/var/assets/mckinley-eu/product_images/ss13/hardware/sleepingbags/x-treme-light-1000_149740_blue-darkblue-white-grey_mckinley.jpg ( 3666 ) ... done
Processing asset /home/demo/www/website/var/assets/mckinley-eu/product_images/ss13/hardware/sleepingbags/x-treme-light-1100_149741_red-darkred-white-grey_mckinley.jpg ( 3667 ) ... done
Processing asset /home/demo/www/website/var/assets/mckinley-eu/product_images/ss13/hardware/sleepingbags/x-treme-light-600w_149743_turquoise-white-grey_mckinley_lowres.jpg ( 3668 ) ... done
Processing asset /home/demo/www/website/var/assets/mckinley-eu/product_images/ss13/hardware/sleepingbags/x-treme-light-1000w_149742_turquoise-white-grey_mckinley_lowres.jpg ( 3669 ) ... done
Processing asset /home/demo/www/website/var/assets/mckinley-eu/product_images/ss13/hardware/tents/alpha-5_157011_grey-grey-dark-green_mckinley_lowres.jpg ( 3740 ) ... done
Processing asset /home/demo/www/website/var/assets/mckinley-eu/product_images/ss13/hardware/tents/arium-1_new_green-green-dark_mckinley_lowres.jpg ( 3741 ) ... done
Processing asset /home/demo/www/website/var/assets/mckinley-eu/product_images/ss13/hardware/tents/bali_100308_meadow-green-light-grey_mckinley_lowres.jpg ( 3742 ) ... done
Processing asset /home/demo/www/website/var/assets/mckinley-eu/product_images/ss13/hardware/tents/bike_2_173139_blue_grey-dark_anthracite_mckinley.jpg ( 3743 ) ... done
Processing asset /home/demo/www/website/var/assets/mckinley-eu/product_images/ss13/hardware/tents/bora-beach-pop-up-tent_138894_meadow-green-light-grey_mckinley_lowres.jpg ( 3744 ) ... done
Processing asset /home/demo/www/website/var/assets/mckinley-eu/product_images/ss13/hardware/tents/brenta-3_79490_green-green-dark_mckinley_lowres.jpg ( 3745 ) ... done
Processing asset /home/demo/www/website/var/assets/mckinley-eu/product_images/ss13/hardware/tents/compact-2_100164_green-green-dark_mckinley_lowres.jpg ( 3746 ) ... done
Processing asset /home/demo/www/website/var/assets/mckinley-eu/product_images/ss13/hardware/tents/easy-rock_3_150704_blue_grey-dark_anthracite_mckinley.jpg ( 3747 ) ... done
Processing asset /home/demo/www/website/var/assets/mckinley-eu/product_images/ss13/hardware/tents/easy_rock_4_176926_blue_grey-dark_anthracite_mckinley.jpg ( 3748 ) ... done
Processing asset /home/demo/www/website/var/assets/mckinley-eu/product_images/ss13/hardware/tents/escape-3_55607_green-green-dark_mckinley_lowres.jpg ( 3749 ) ... done
Processing asset /home/demo/www/website/var/assets/mckinley-eu/product_images/ss13/hardware/tents/evia-uv-40_156642_meadow-green-light-grey_mckinley_lowres.jpg ( 3750 ) ... done
Processing asset /home/demo/www/website/var/assets/mckinley-eu/product_images/ss13/hardware/tents/family_4_162625_blue_grey-dark_anthracite_mckinley.jpg ( 3751 ) ... done
Processing asset /home/demo/www/website/var/assets/mckinley-eu/product_images/ss13/hardware/tents/flinduka-3_new_grey-grey-dark-green_mckinley_lowres.jpg ( 3752 ) ... done
Processing asset /home/demo/www/website/var/assets/mckinley-eu/product_images/ss13/hardware/tents/imola-220-print_171183_meadow-green-black_mckinley_lowres.jpg ( 3753 ) ... done
Processing asset /home/demo/www/website/var/assets/mckinley-eu/product_images/ss13/hardware/tents/kea-3_100275_grey-grey-dark-green_mckinley_lowres.jpg ( 3754 ) ... done
Processing asset /home/demo/www/website/var/assets/mckinley-eu/product_images/ss13/hardware/tents/koala-240_meadow-green-black_mckinley_lowres.jpg ( 3755 ) ... done
Processing asset /home/demo/www/website/var/assets/mckinley-eu/product_images/ss13/hardware/tents/kos-4_186890_grey-grey-dark-green_mckinley_lowres.jpg ( 3756 ) ... done
Processing asset /home/demo/www/website/var/assets/mckinley-eu/product_images/ss13/hardware/tents/kreta-5_186889_grey-grey-dark-green_mckinley_lowres.jpg ( 3757 ) ... done
Processing asset /home/demo/www/website/var/assets/mckinley-eu/product_images/ss13/hardware/tents/manitu-3_100039_green-green-dark_mckinley_lowres.jpg ( 3758 ) ... done
Processing asset /home/demo/www/website/var/assets/mckinley-eu/product_images/ss13/hardware/tents/nevada-3_101093_grey-grey-dark-green_mckinley_lowres.jpg ( 3759 ) ... done
Processing asset /home/demo/www/website/var/assets/mckinley-eu/product_images/ss13/hardware/tents/pop-up-tent-smart_173130_blue_grey-dark_anthracite_mckinley.jpg ( 3760 ) ... done
Processing asset /home/demo/www/website/var/assets/mckinley-eu/product_images/ss13/hardware/tents/samos-6_118517_grey-grey-dark-green_mckinley_lowres.jpg ( 3761 ) ... done
Processing asset /home/demo/www/website/var/assets/mckinley-eu/product_images/ss13/hardware/tents/sherpa-3_70076_orange_mckinley_lowres.jpg ( 3762 ) ... done
Processing asset /home/demo/www/website/var/assets/mckinley-eu/product_images/ss13/hardware/tents/stone_3_140149_blue_grey-dark_anthracite_mckinley.jpg ( 3763 ) ... done
Processing asset /home/demo/www/website/var/assets/mckinley-eu/product_images/ss13/hardware/tents/sunshelter-cordou_173098_blue_orange_mckinley.jpg ( 3764 ) ... done
Processing asset /home/demo/www/website/var/assets/mckinley-eu/product_images/ss13/hardware/tents/sunshelter-samoa_174595_blue_orange_mckinley.jpg ( 3765 ) ... done
Processing asset /home/demo/www/website/var/assets/mckinley-eu/product_images/ss13/hardware/tents/sunshelter_bali_173097_blue_orange_mckinley.jpg ( 3766 ) ... done
Processing asset /home/demo/www/website/var/assets/mckinley-eu/product_images/ss13/hardware/tents/trail_3_176579_blue_grey-dark_anthracite_mckinley.jpg ( 3767 ) ... done
Processing asset /home/demo/www/website/var/assets/mckinley-eu/product_images/ss13/hardware/tents/vega_2_173137_blue_grey-dark_anthracite_mckinley.jpg ( 3768 ) ... done
Processing asset /home/demo/www/website/var/assets/mckinley-eu/product_images/ss13/hardware/tents/ventura-5_171044_grey-grey-dark-green_mckinley_lowres.jpg ( 3769 ) ... done
Processing asset /home/demo/www/website/var/assets/mckinley-eu/product_images/ss13/hardware/tents/venture-1_green-green-dark_mckinley_lowres.jpg ( 3770 ) ... done
Processing asset /home/demo/www/website/var/assets/mckinley-eu/product_images/ss13/hardware/tents/venture-2_118511_green-green-dark_mckinley_lowres.jpg ( 3771 ) ... done
Processing asset /home/demo/www/website/var/assets/mckinley-eu/product_images/ss13/hardware/tents/venture-3_118504_green-green-dark_mckinley_lowres.jpg ( 3772 ) ... done
Processing asset /home/demo/www/website/var/assets/mckinley-eu/product_images/ss13/hardware/tents/venture-3-extreme_173391_red_mckinley_lowres.jpg ( 3773 ) ... done
Processing asset /home/demo/www/website/var/assets/mckinley-eu/product_images/ss13/hardware/tents/groundsheets/alpha_4.jpg ( 3774 ) ... done
Processing asset /home/demo/www/website/var/assets/mckinley-eu/product_images/ss13/hardware/tents/groundsheets/alpha_5.jpg ( 3775 ) ... done
Processing asset /home/demo/www/website/var/assets/mckinley-eu/product_images/ss13/hardware/tents/groundsheets/alpha_5_1.jpg ( 3776 ) ... done
Processing asset /home/demo/www/website/var/assets/mckinley-eu/product_images/ss13/hardware/tents/groundsheets/alpha5_80.jpg ( 3777 ) ... done
Processing asset /home/demo/www/website/var/assets/mckinley-eu/product_images/ss13/hardware/tents/groundsheets/arium_1.jpg ( 3778 ) ... done
Processing asset /home/demo/www/website/var/assets/mckinley-eu/product_images/ss13/hardware/tents/groundsheets/bali.jpg ( 3779 ) ... done
Processing asset /home/demo/www/website/var/assets/mckinley-eu/product_images/ss13/hardware/tents/groundsheets/bamera_3.jpg ( 3780 ) ... done
Processing asset /home/demo/www/website/var/assets/mckinley-eu/product_images/ss13/hardware/tents/groundsheets/bamera_4.jpg ( 3781 ) ... done
Processing asset /home/demo/www/website/var/assets/mckinley-eu/product_images/ss13/hardware/tents/groundsheets/bike_2.jpg ( 3782 ) ... done
Processing asset /home/demo/www/website/var/assets/mckinley-eu/product_images/ss13/hardware/tents/groundsheets/bimini_groundsheet.jpg ( 3783 ) ... done
Processing asset /home/demo/www/website/var/assets/mckinley-eu/product_images/ss13/hardware/tents/groundsheets/bimini_tentheight.jpg ( 3784 ) ... done
Processing asset /home/demo/www/website/var/assets/mckinley-eu/product_images/ss13/hardware/tents/groundsheets/bora-beach-pop-up.jpg ( 3785 ) ... done
Processing asset /home/demo/www/website/var/assets/mckinley-eu/product_images/ss13/hardware/tents/groundsheets/brenta_3.jpg ( 3786 ) ... done
Processing asset /home/demo/www/website/var/assets/mckinley-eu/product_images/ss13/hardware/tents/groundsheets/compact1.jpg ( 3787 ) ... done
Processing asset /home/demo/www/website/var/assets/mckinley-eu/product_images/ss13/hardware/tents/groundsheets/compactlight_2.jpg ( 3788 ) ... done
Processing asset /home/demo/www/website/var/assets/mckinley-eu/product_images/ss13/hardware/tents/groundsheets/cordou.jpg ( 3789 ) ... done
Processing asset /home/demo/www/website/var/assets/mckinley-eu/product_images/ss13/hardware/tents/groundsheets/easy-rock_3.jpg ( 3790 ) ... done
Processing asset /home/demo/www/website/var/assets/mckinley-eu/product_images/ss13/hardware/tents/groundsheets/easy-rock_4.jpg ( 3791 ) ... done
Processing asset /home/demo/www/website/var/assets/mckinley-eu/product_images/ss13/hardware/tents/groundsheets/easy-rock_4plus.jpg ( 3792 ) ... done
Processing asset /home/demo/www/website/var/assets/mckinley-eu/product_images/ss13/hardware/tents/groundsheets/easy-rock_5superhigh.jpg ( 3793 ) ... done
Processing asset /home/demo/www/website/var/assets/mckinley-eu/product_images/ss13/hardware/tents/groundsheets/endurolight_80.jpg ( 3794 ) ... done
Processing asset /home/demo/www/website/var/assets/mckinley-eu/product_images/ss13/hardware/tents/groundsheets/escape_2.jpg ( 3795 ) ... done
Processing asset /home/demo/www/website/var/assets/mckinley-eu/product_images/ss13/hardware/tents/groundsheets/escape_3.jpg ( 3796 ) ... done
Processing asset /home/demo/www/website/var/assets/mckinley-eu/product_images/ss13/hardware/tents/groundsheets/escape_4.jpg ( 3797 ) ... done
Processing asset /home/demo/www/website/var/assets/mckinley-eu/product_images/ss13/hardware/tents/groundsheets/evia-uv_40.jpg ( 3798 ) ... done
Processing asset /home/demo/www/website/var/assets/mckinley-eu/product_images/ss13/hardware/tents/groundsheets/family_4.jpg ( 3799 ) ... done
Processing asset /home/demo/www/website/var/assets/mckinley-eu/product_images/ss13/hardware/tents/groundsheets/family_6.jpg ( 3800 ) ... done
Processing asset /home/demo/www/website/var/assets/mckinley-eu/product_images/ss13/hardware/tents/groundsheets/flinders_2.jpg ( 3801 ) ... done
Processing asset /home/demo/www/website/var/assets/mckinley-eu/product_images/ss13/hardware/tents/groundsheets/flinders_3.jpg ( 3802 ) ... done
Processing asset /home/demo/www/website/var/assets/mckinley-eu/product_images/ss13/hardware/tents/groundsheets/flinders_4.jpg ( 3803 ) ... done
Processing asset /home/demo/www/website/var/assets/mckinley-eu/product_images/ss13/hardware/tents/groundsheets/flinduka_2.jpg ( 3804 ) ... done
Processing asset /home/demo/www/website/var/assets/mckinley-eu/product_images/ss13/hardware/tents/groundsheets/flinduka_3.jpg ( 3805 ) ... done
Processing asset /home/demo/www/website/var/assets/mckinley-eu/product_images/ss13/hardware/tents/groundsheets/flinduka_4.jpg ( 3806 ) ... done
Processing asset /home/demo/www/website/var/assets/mckinley-eu/product_images/ss13/hardware/tents/groundsheets/imola_220.jpg ( 3807 ) ... done
Processing asset /home/demo/www/website/var/assets/mckinley-eu/product_images/ss13/hardware/tents/groundsheets/kea_3.jpg ( 3808 ) ... done
Processing asset /home/demo/www/website/var/assets/mckinley-eu/product_images/ss13/hardware/tents/groundsheets/koala_220.jpg ( 3809 ) ... done
Processing asset /home/demo/www/website/var/assets/mckinley-eu/product_images/ss13/hardware/tents/groundsheets/koala_240.jpg ( 3810 ) ... done
Processing asset /home/demo/www/website/var/assets/mckinley-eu/product_images/ss13/hardware/tents/groundsheets/kos_4.jpg ( 3811 ) ... done
Processing asset /home/demo/www/website/var/assets/mckinley-eu/product_images/ss13/hardware/tents/groundsheets/kreta_5.jpg ( 3812 ) ... done
Processing asset /home/demo/www/website/var/assets/mckinley-eu/product_images/ss13/hardware/tents/groundsheets/manitu_3.jpg ( 3813 ) ... done
Processing asset /home/demo/www/website/var/assets/mckinley-eu/product_images/ss13/hardware/tents/groundsheets/marabia.jpg ( 3814 ) ... done
Processing asset /home/demo/www/website/var/assets/mckinley-eu/product_images/ss13/hardware/tents/groundsheets/matuka_2.jpg ( 3815 ) ... done
Processing asset /home/demo/www/website/var/assets/mckinley-eu/product_images/ss13/hardware/tents/groundsheets/matuka_3.jpg ( 3816 ) ... done


Processing Page 22 ............

Processing asset /home/demo/www/website/var/assets/mckinley-eu/product_images/ss13/hardware/tents/groundsheets/matuka_4.jpg ( 3817 ) ... done
Processing asset /home/demo/www/website/var/assets/mckinley-eu/product_images/ss13/hardware/tents/groundsheets/monodome_2.jpg ( 3818 ) ... done
Processing asset /home/demo/www/website/var/assets/mckinley-eu/product_images/ss13/hardware/tents/groundsheets/nevada_3.jpg ( 3819 ) ... done
Processing asset /home/demo/www/website/var/assets/mckinley-eu/product_images/ss13/hardware/tents/groundsheets/northlight_2.jpg ( 3820 ) ... done
Processing asset /home/demo/www/website/var/assets/mckinley-eu/product_images/ss13/hardware/tents/groundsheets/one-pole-tent.jpg ( 3821 ) ... done
Processing asset /home/demo/www/website/var/assets/mckinley-eu/product_images/ss13/hardware/tents/groundsheets/orion_4_light.jpg ( 3822 ) ... done
Processing asset /home/demo/www/website/var/assets/mckinley-eu/product_images/ss13/hardware/tents/groundsheets/patmos_6.jpg ( 3823 ) ... done
Processing asset /home/demo/www/website/var/assets/mckinley-eu/product_images/ss13/hardware/tents/groundsheets/pop-up-smart.jpg ( 3824 ) ... done
Processing asset /home/demo/www/website/var/assets/mckinley-eu/product_images/ss13/hardware/tents/groundsheets/samoa.jpg ( 3825 ) ... done
Processing asset /home/demo/www/website/var/assets/mckinley-eu/product_images/ss13/hardware/tents/groundsheets/samos_4.jpg ( 3826 ) ... done
Processing asset /home/demo/www/website/var/assets/mckinley-eu/product_images/ss13/hardware/tents/groundsheets/samos_6.jpg ( 3827 ) ... done
Processing asset /home/demo/www/website/var/assets/mckinley-eu/product_images/ss13/hardware/tents/groundsheets/sherpa_3.jpg ( 3828 ) ... done
Processing asset /home/demo/www/website/var/assets/mckinley-eu/product_images/ss13/hardware/tents/groundsheets/starlight_2.jpg ( 3829 ) ... done
Processing asset /home/demo/www/website/var/assets/mckinley-eu/product_images/ss13/hardware/tents/groundsheets/stone_3.jpg ( 3830 ) ... done
Processing asset /home/demo/www/website/var/assets/mckinley-eu/product_images/ss13/hardware/tents/groundsheets/stone_4.jpg ( 3831 ) ... done
Processing asset /home/demo/www/website/var/assets/mckinley-eu/product_images/ss13/hardware/tents/groundsheets/sunshelter-dj-iat.jpg ( 3832 ) ... done
Processing asset /home/demo/www/website/var/assets/mckinley-eu/product_images/ss13/hardware/tents/groundsheets/tentheight_75_70.jpg ( 3833 ) ... done
Processing asset /home/demo/www/website/var/assets/mckinley-eu/product_images/ss13/hardware/tents/groundsheets/tentheight_80.jpg ( 3834 ) ... done
Processing asset /home/demo/www/website/var/assets/mckinley-eu/product_images/ss13/hardware/tents/groundsheets/tentheight_80_100.jpg ( 3835 ) ... done
Processing asset /home/demo/www/website/var/assets/mckinley-eu/product_images/ss13/hardware/tents/groundsheets/tentheight_85.jpg ( 3836 ) ... done
Processing asset /home/demo/www/website/var/assets/mckinley-eu/product_images/ss13/hardware/tents/groundsheets/tentheight_90_100.jpg ( 3837 ) ... done
Processing asset /home/demo/www/website/var/assets/mckinley-eu/product_images/ss13/hardware/tents/groundsheets/tentheight_95_85.jpg ( 3838 ) ... done
Processing asset /home/demo/www/website/var/assets/mckinley-eu/product_images/ss13/hardware/tents/groundsheets/tentheight_95_90.jpg ( 3839 ) ... done
Processing asset /home/demo/www/website/var/assets/mckinley-eu/product_images/ss13/hardware/tents/groundsheets/tentheight_95_105.jpg ( 3840 ) ... done
Processing asset /home/demo/www/website/var/assets/mckinley-eu/product_images/ss13/hardware/tents/groundsheets/tentheight_100.jpg ( 3841 ) ... done
Processing asset /home/demo/www/website/var/assets/mckinley-eu/product_images/ss13/hardware/tents/groundsheets/tentheight_105.jpg ( 3842 ) ... done
Processing asset /home/demo/www/website/var/assets/mckinley-eu/product_images/ss13/hardware/tents/groundsheets/tentheight_105_100.jpg ( 3843 ) ... done
Processing asset /home/demo/www/website/var/assets/mckinley-eu/product_images/ss13/hardware/tents/groundsheets/tentheight_110_100.jpg ( 3844 ) ... done
Processing asset /home/demo/www/website/var/assets/mckinley-eu/product_images/ss13/hardware/tents/groundsheets/tentheight_110_105.jpg ( 3845 ) ... done
Processing asset /home/demo/www/website/var/assets/mckinley-eu/product_images/ss13/hardware/tents/groundsheets/tentheight_115_105.jpg ( 3846 ) ... done
Processing asset /home/demo/www/website/var/assets/mckinley-eu/product_images/ss13/hardware/tents/groundsheets/tentheight_120_110.jpg ( 3847 ) ... done
Processing asset /home/demo/www/website/var/assets/mckinley-eu/product_images/ss13/hardware/tents/groundsheets/tentheight_120_110_110_100.jpg ( 3848 ) ... done
Processing asset /home/demo/www/website/var/assets/mckinley-eu/product_images/ss13/hardware/tents/groundsheets/tentheight_120_115.jpg ( 3849 ) ... done
Processing asset /home/demo/www/website/var/assets/mckinley-eu/product_images/ss13/hardware/tents/groundsheets/tentheight_125_115.jpg ( 3850 ) ... done
Processing asset /home/demo/www/website/var/assets/mckinley-eu/product_images/ss13/hardware/tents/groundsheets/tentheight_125_120.jpg ( 3851 ) ... done
Processing asset /home/demo/www/website/var/assets/mckinley-eu/product_images/ss13/hardware/tents/groundsheets/tentheight_130_120.jpg ( 3852 ) ... done
Processing asset /home/demo/www/website/var/assets/mckinley-eu/product_images/ss13/hardware/tents/groundsheets/tentheight_130_120_110_120.jpg ( 3853 ) ... done
Processing asset /home/demo/www/website/var/assets/mckinley-eu/product_images/ss13/hardware/tents/groundsheets/tentheight_130_125.jpg ( 3854 ) ... done
Processing asset /home/demo/www/website/var/assets/mckinley-eu/product_images/ss13/hardware/tents/groundsheets/tentheight_135_130.jpg ( 3855 ) ... done
Processing asset /home/demo/www/website/var/assets/mckinley-eu/product_images/ss13/hardware/tents/groundsheets/tentheight_145_195_140_190.jpg ( 3856 ) ... done
Processing asset /home/demo/www/website/var/assets/mckinley-eu/product_images/ss13/hardware/tents/groundsheets/tentheight_175_215_170_200.jpg ( 3857 ) ... done
Processing asset /home/demo/www/website/var/assets/mckinley-eu/product_images/ss13/hardware/tents/groundsheets/tentheight_180_160_170_150.jpg ( 3858 ) ... done
Processing asset /home/demo/www/website/var/assets/mckinley-eu/product_images/ss13/hardware/tents/groundsheets/tentheight_185_180.jpg ( 3859 ) ... done
Processing asset /home/demo/www/website/var/assets/mckinley-eu/product_images/ss13/hardware/tents/groundsheets/tentheight_190_180.jpg ( 3860 ) ... done
Processing asset /home/demo/www/website/var/assets/mckinley-eu/product_images/ss13/hardware/tents/groundsheets/tentheight_190_180_160.jpg ( 3861 ) ... done
Processing asset /home/demo/www/website/var/assets/mckinley-eu/product_images/ss13/hardware/tents/groundsheets/tentheight_190_185.jpg ( 3862 ) ... done
Processing asset /home/demo/www/website/var/assets/mckinley-eu/product_images/ss13/hardware/tents/groundsheets/tentheight_195_190.jpg ( 3863 ) ... done
Processing asset /home/demo/www/website/var/assets/mckinley-eu/product_images/ss13/hardware/tents/groundsheets/tentheight_200_170_190.jpg ( 3864 ) ... done
Processing asset /home/demo/www/website/var/assets/mckinley-eu/product_images/ss13/hardware/tents/groundsheets/tentheight_200_180.jpg ( 3865 ) ... done
Processing asset /home/demo/www/website/var/assets/mckinley-eu/product_images/ss13/hardware/tents/groundsheets/tentheight_200_185_165.jpg ( 3866 ) ... done
Processing asset /home/demo/www/website/var/assets/mckinley-eu/product_images/ss13/hardware/tents/groundsheets/tentheight_200_190.jpg ( 3867 ) ... done
Processing asset /home/demo/www/website/var/assets/mckinley-eu/product_images/ss13/hardware/tents/groundsheets/tentheight_200_190_180_170.jpg ( 3868 ) ... done
Processing asset /home/demo/www/website/var/assets/mckinley-eu/product_images/ss13/hardware/tents/groundsheets/tentheight_200_195.jpg ( 3869 ) ... done
Processing asset /home/demo/www/website/var/assets/mckinley-eu/product_images/ss13/hardware/tents/groundsheets/tentheight_bora-beach-pop-up.jpg ( 3870 ) ... done
Processing asset /home/demo/www/website/var/assets/mckinley-eu/product_images/ss13/hardware/tents/groundsheets/tentheight_cordou.jpg ( 3871 ) ... done
Processing asset /home/demo/www/website/var/assets/mckinley-eu/product_images/ss13/hardware/tents/groundsheets/tentheight_samoa.jpg ( 3872 ) ... done
Processing asset /home/demo/www/website/var/assets/mckinley-eu/product_images/ss13/hardware/tents/groundsheets/trail_3.jpg ( 3873 ) ... done
Processing asset /home/demo/www/website/var/assets/mckinley-eu/product_images/ss13/hardware/tents/groundsheets/vega_2.jpg ( 3874 ) ... done
Processing asset /home/demo/www/website/var/assets/mckinley-eu/product_images/ss13/hardware/tents/groundsheets/vega_3.jpg ( 3875 ) ... done
Processing asset /home/demo/www/website/var/assets/mckinley-eu/product_images/ss13/hardware/tents/groundsheets/veneto_4.jpg ( 3876 ) ... done
Processing asset /home/demo/www/website/var/assets/mckinley-eu/product_images/ss13/hardware/tents/groundsheets/ventura_4.jpg ( 3877 ) ... done
Processing asset /home/demo/www/website/var/assets/mckinley-eu/product_images/ss13/hardware/tents/groundsheets/ventura_5.jpg ( 3878 ) ... done
Processing asset /home/demo/www/website/var/assets/mckinley-eu/product_images/ss13/hardware/tents/groundsheets/venture_1.jpg ( 3879 ) ... done
Processing asset /home/demo/www/website/var/assets/mckinley-eu/product_images/ss13/hardware/tents/groundsheets/venture_2.jpg ( 3880 ) ... done
Processing asset /home/demo/www/website/var/assets/mckinley-eu/product_images/ss13/hardware/tents/groundsheets/venture_3-extreme.jpg ( 3881 ) ... done
Processing asset /home/demo/www/website/var/assets/mckinley-eu/product_images/ss13/hardware/tents/groundsheets/venture_3.jpg ( 3882 ) ... done
Processing asset /home/demo/www/website/var/assets/mckinley-eu/product_images/ss13/hardware/mats/bone-pillow_150568_blue-smoke_mckinley_lowres.jpg ( 3956 ) ... done
Processing asset /home/demo/www/website/var/assets/mckinley-eu/product_images/ss13/hardware/mats/comfort-l50_150565_blue_grey_mckinley_lowres.jpg ( 3957 ) ... done
Processing asset /home/demo/www/website/var/assets/mckinley-eu/product_images/ss13/hardware/mats/comfort-l70-with-pillow_171447_blue-grey_mckinley_lowres.jpg ( 3958 ) ... done
Processing asset /home/demo/www/website/var/assets/mckinley-eu/product_images/ss13/hardware/mats/comfort-l100_150566_blue_grey_mckinley_lowres.jpg ( 3959 ) ... done
Processing asset /home/demo/www/website/var/assets/mckinley-eu/product_images/ss13/hardware/mats/pillow_150569_blue-smoke_grey_mckinley_lowres.jpg ( 3960 ) ... done
Processing asset /home/demo/www/website/var/assets/mckinley-eu/product_images/ss13/hardware/mats/seat-cushion_152064_bluesmoke_grey-dark_mckinley_lowres.jpg ( 3961 ) ... done
Processing asset /home/demo/www/website/var/assets/mckinley-eu/product_images/ss13/hardware/mats/travel-l38_150527_grey-dark_grey_mckinley_lowres_1.jpg ( 3962 ) ... done
Processing asset /home/demo/www/website/var/assets/mckinley-eu/product_images/ss13/hardware/mats/travel-m38-light_150564_grey-dark_grey_mckinley_lowres.jpg ( 3963 ) ... done
Processing asset /home/demo/www/website/var/assets/mckinley-eu/product_images/ss13/hardware/mats/travel-m38_150521_grey-dark_grey_mckinley_lowres.jpg ( 3964 ) ... done
Processing asset /home/demo/www/website/var/assets/mckinley-eu/product_images/ss13/hardware/mats/trekker-m25-light_150528_green-forest_grey_mckinley_lowres.jpg ( 3965 ) ... done
Processing asset /home/demo/www/website/var/assets/mckinley-eu/product_images/ss13/hardware/mats/trekker-m25_150487_green-forest_grey_mckinley_lowres.jpg ( 3966 ) ... done
Processing asset /home/demo/www/website/var/assets/mckinley-eu/product_images/ss12/apparel/albany-men_155-4745_mckinley_lowres.jpg ( 3967 ) ... done
Processing asset /home/demo/www/website/var/assets/mckinley-eu/product_images/ss12/apparel/albany-wms_11-4858_mckinley_lowres.jpg ( 3968 ) ... done
Processing asset /home/demo/www/website/var/assets/mckinley-eu/product_images/ss12/apparel/abbotts-wms_182574_grey-light_mckinley_lowres.jpg ( 3969 ) ... done
Processing asset /home/demo/www/website/var/assets/mckinley-eu/product_images/ss12/apparel/aberdeen-ux_173673_green-green_mckinley_lowres.jpg ( 3970 ) ... done
Processing asset /home/demo/www/website/var/assets/mckinley-eu/product_images/ss12/apparel/aberdeen-wms_173678_white-violet_mckinley_lowres.jpg ( 3971 ) ... done
Processing asset /home/demo/www/website/var/assets/mckinley-eu/product_images/ss12/apparel/abington-ux_181668_green_mckinley_lowres.jpg ( 3972 ) ... done
Processing asset /home/demo/www/website/var/assets/mckinley-eu/product_images/ss12/apparel/adama-jacket-ux_173590_black_mckinley_lowres.jpg ( 3973 ) ... done
Processing asset /home/demo/www/website/var/assets/mckinley-eu/product_images/ss12/apparel/adama-jacket-wms_173270_brown_mckinley_lowres.jpg ( 3974 ) ... done
Processing asset /home/demo/www/website/var/assets/mckinley-eu/product_images/ss12/apparel/adama-vest-ux_173591_brown_mckinley_lowres.jpg ( 3975 ) ... done
Processing asset /home/demo/www/website/var/assets/mckinley-eu/product_images/ss12/apparel/adama-vest-wms_173271_white_mckinley_lowres.jpg ( 3976 ) ... done
Processing asset /home/demo/www/website/var/assets/mckinley-eu/product_images/ss12/apparel/albany-men_155-4745_mckinley_lowres_1.jpg ( 3977 ) ... done
Processing asset /home/demo/www/website/var/assets/mckinley-eu/product_images/ss12/apparel/albany-wms_11-4858_mckinley_lowres_1.jpg ( 3978 ) ... done
Processing asset /home/demo/www/website/var/assets/mckinley-eu/product_images/ss12/apparel/ales-wms-shell_173220_multicolor-blue_mckinley_lowres.jpg ( 3979 ) ... done
Processing asset /home/demo/www/website/var/assets/mckinley-eu/product_images/ss12/apparel/alloa-wms_182498_red_mckinley_lowres.jpg ( 3980 ) ... done
Processing asset /home/demo/www/website/var/assets/mckinley-eu/product_images/ss12/apparel/alness-wms-shell_182499_green-lime_mckinley_lowres.jpg ( 3981 ) ... done
Processing asset /home/demo/www/website/var/assets/mckinley-eu/product_images/ss12/apparel/ambay-ux_181957_multicolor-green-lime_mckinley_lowres.jpg ( 3982 ) ... done
Processing asset /home/demo/www/website/var/assets/mckinley-eu/product_images/ss12/apparel/ambay-wms_181987_multicolor-white_mckinley_lowres.jpg ( 3983 ) ... done
Processing asset /home/demo/www/website/var/assets/mckinley-eu/product_images/ss12/apparel/ancaster-ux_182421_black_mckinley_lowres.jpg ( 3984 ) ... done
Processing asset /home/demo/www/website/var/assets/mckinley-eu/product_images/ss12/apparel/athea-wms_182617_white_mckinley_lowres.jpg ( 3985 ) ... done
Processing asset /home/demo/www/website/var/assets/mckinley-eu/product_images/ss12/apparel/ballivor-60-ux_182445_green-lime_mckinley_lowres.jpg ( 3986 ) ... done
Processing asset /home/demo/www/website/var/assets/mckinley-eu/product_images/ss12/apparel/ballivor-60-vest-ux_182446_black_mckinley_lowres.jpg ( 3987 ) ... done
Processing asset /home/demo/www/website/var/assets/mckinley-eu/product_images/ss12/apparel/ballivor-60-vest-wms_182483_red_mckinley_lowres.jpg ( 3988 ) ... done
Processing asset /home/demo/www/website/var/assets/mckinley-eu/product_images/ss12/apparel/ballivor-60-wms_182449_red_mckinley_lowres.jpg ( 3989 ) ... done


Processing Page 23 ............

Processing asset /home/demo/www/website/var/assets/mckinley-eu/product_images/ss12/apparel/bamford-ux-shell_181669_navy-dark_mckinley_lowres.jpg ( 3990 ) ... done
Processing asset /home/demo/www/website/var/assets/mckinley-eu/product_images/ss12/apparel/bantry-ux_182419_white_mckinley_lowres.jpg ( 3991 ) ... done
Processing asset /home/demo/www/website/var/assets/mckinley-eu/product_images/ss12/apparel/barley-ux_181972_multicolor-black_mckinley_lowres.jpg ( 3992 ) ... done
Processing asset /home/demo/www/website/var/assets/mckinley-eu/product_images/ss12/apparel/baxters-ux-shell_181954_green-lime-navy-dark_mckinley_lowres.jpg ( 3993 ) ... done
Processing asset /home/demo/www/website/var/assets/mckinley-eu/product_images/ss12/apparel/baxters-wms-shell_181985_blue-light-black_mckinley_lowres.jpg ( 3994 ) ... done
Processing asset /home/demo/www/website/var/assets/mckinley-eu/product_images/ss12/apparel/bayle-wms_47-3813_mckinley_lowres.jpg ( 3995 ) ... done
Processing asset /home/demo/www/website/var/assets/mckinley-eu/product_images/ss12/apparel/bedale-with-belt_182513_purple_mckinley_lowres.jpg ( 3996 ) ... done
Processing asset /home/demo/www/website/var/assets/mckinley-eu/product_images/ss12/apparel/bedale-wms_182514_red_mckinley_lowres.jpg ( 3997 ) ... done
Processing asset /home/demo/www/website/var/assets/mckinley-eu/product_images/ss12/apparel/beezling-wms_182576_grey-light_mckinley_lowres.jpg ( 3998 ) ... done
Processing asset /home/demo/www/website/var/assets/mckinley-eu/product_images/ss12/apparel/beltra-wms_182551_multicolor-purple_mckinley_lowres.jpg ( 3999 ) ... done
Processing asset /home/demo/www/website/var/assets/mckinley-eu/product_images/ss12/apparel/bison-shell-jrs_182147_green_mckinley_lowres.jpg ( 4000 ) ... done
Processing asset /home/demo/www/website/var/assets/mckinley-eu/product_images/ss12/apparel/blaine-gls_182138_purple_mckinley_lowres.jpg ( 4001 ) ... done
Processing asset /home/demo/www/website/var/assets/mckinley-eu/product_images/ss12/apparel/brandsby-ux_174140_navy-dark_mckinley_lowres.jpg ( 4002 ) ... done
Processing asset /home/demo/www/website/var/assets/mckinley-eu/product_images/ss12/apparel/brandsby-wms_174141_green_mckinley_lowres.jpg ( 4003 ) ... done
Processing asset /home/demo/www/website/var/assets/mckinley-eu/product_images/ss12/apparel/braydeen-ux-shell_182683_multicolor-navy-dark_mckinley_lowres.jpg ( 4004 ) ... done
Processing asset /home/demo/www/website/var/assets/mckinley-eu/product_images/ss12/apparel/brede-ux_black_mckinley_lowres.jpg ( 4005 ) ... done
Processing asset /home/demo/www/website/var/assets/mckinley-eu/product_images/ss12/apparel/brede-wms_white_mckinley_lowres.jpg ( 4006 ) ... done
Processing asset /home/demo/www/website/var/assets/mckinley-eu/product_images/ss12/apparel/brighton-ux_green-green_mckinley_lowres.jpg ( 4007 ) ... done
Processing asset /home/demo/www/website/var/assets/mckinley-eu/product_images/ss12/apparel/brighton-vest-ux_182482_blue-royal_mckinley_lowres.jpg ( 4008 ) ... done
Processing asset /home/demo/www/website/var/assets/mckinley-eu/product_images/ss12/apparel/brighton-vest-wms_182457_black-anthracite_mckinley_lowres.jpg ( 4009 ) ... done
Processing asset /home/demo/www/website/var/assets/mckinley-eu/product_images/ss12/apparel/brighton-wms_turquoise--blue-aqua_mckinley_lowres.jpg ( 4010 ) ... done
Processing asset /home/demo/www/website/var/assets/mckinley-eu/product_images/ss12/apparel/bude-shell-jrs_182126_multicolor-black_mckinley_lowres.jpg ( 4011 ) ... done
Processing asset /home/demo/www/website/var/assets/mckinley-eu/product_images/ss12/apparel/cailyn-wms_167078_mckinley_lowres.jpg ( 4012 ) ... done
Processing asset /home/demo/www/website/var/assets/mckinley-eu/product_images/ss12/apparel/camolina-gls_182277_white_mckinley_lowres.jpg ( 4013 ) ... done
Processing asset /home/demo/www/website/var/assets/mckinley-eu/product_images/ss12/apparel/canonbie-wms_182616_black_mckinley_lowres.jpg ( 4014 ) ... done
Processing asset /home/demo/www/website/var/assets/mckinley-eu/product_images/ss12/apparel/canton-jrs_182149_red_mckinley_lowres.jpg ( 4015 ) ... done
Processing asset /home/demo/www/website/var/assets/mckinley-eu/product_images/ss12/apparel/capel-ux_182414_green_mckinley_lowres.jpg ( 4016 ) ... done
Processing asset /home/demo/www/website/var/assets/mckinley-eu/product_images/ss12/apparel/cessford-wms_182615_purple_mckinley_lowres.jpg ( 4017 ) ... done
Processing asset /home/demo/www/website/var/assets/mckinley-eu/product_images/ss12/apparel/chandler-jrs_182129_violet-dark_mckinley_lowres.jpg ( 4018 ) ... done
Processing asset /home/demo/www/website/var/assets/mckinley-eu/product_images/ss12/apparel/claire-shell-gls_182136_white_mckinley_lowres.jpg ( 4019 ) ... done
Processing asset /home/demo/www/website/var/assets/mckinley-eu/product_images/ss12/apparel/coddy-men_167313_mckinley_lowres.jpg ( 4020 ) ... done
Processing asset /home/demo/www/website/var/assets/mckinley-eu/product_images/ss12/apparel/corbin-bermuda-men_182723_black_mckinley_lowres.jpg ( 4021 ) ... done
Processing asset /home/demo/www/website/var/assets/mckinley-eu/product_images/ss12/apparel/corbin-capri-wms_182032_black_mckinley_lowres.jpg ( 4022 ) ... done
Processing asset /home/demo/www/website/var/assets/mckinley-eu/product_images/ss12/apparel/corbin-men_182722_black_mckinley_lowres.jpg ( 4023 ) ... done
Processing asset /home/demo/www/website/var/assets/mckinley-eu/product_images/ss12/apparel/corbin-wms_182032_black_mckinley_lowres.jpg ( 4024 ) ... done
Processing asset /home/demo/www/website/var/assets/mckinley-eu/product_images/ss12/apparel/cushina-shell-gls_182273_purple_mckinley_lowres.jpg ( 4025 ) ... done
Processing asset /home/demo/www/website/var/assets/mckinley-eu/product_images/ss12/apparel/dalvina-wms_182515_brown-dark_mckinley_lowres.jpg ( 4026 ) ... done
Processing asset /home/demo/www/website/var/assets/mckinley-eu/product_images/ss12/apparel/danika-wms_167079_mckinley_lowres.jpg ( 4027 ) ... done
Processing asset /home/demo/www/website/var/assets/mckinley-eu/product_images/ss12/apparel/daphne-shell-wms_173255_turquoise_mckinley_lowres.jpg ( 4028 ) ... done
Processing asset /home/demo/www/website/var/assets/mckinley-eu/product_images/ss12/apparel/dean-ux_182423_blue-royal_2_mckinley_lowres.jpg ( 4029 ) ... done
Processing asset /home/demo/www/website/var/assets/mckinley-eu/product_images/ss12/apparel/detroit-ux_181980_blue-royal-anthracite_mckinley_lowres.jpg ( 4030 ) ... done
Processing asset /home/demo/www/website/var/assets/mckinley-eu/product_images/ss12/apparel/detroit-wms_182037_green-lime_mckinley_lowres.jpg ( 4031 ) ... done
Processing asset /home/demo/www/website/var/assets/mckinley-eu/product_images/ss12/apparel/devin-men_167300_mckinley_lowres.jpg ( 4032 ) ... done
Processing asset /home/demo/www/website/var/assets/mckinley-eu/product_images/ss12/apparel/dilan-ux-shell_171758_green_mckinley_lowres.jpg ( 4033 ) ... done
Processing asset /home/demo/www/website/var/assets/mckinley-eu/product_images/ss12/apparel/discovery-1-1-pants-men_159-4597_mckinley_lowres.jpg ( 4034 ) ... done
Processing asset /home/demo/www/website/var/assets/mckinley-eu/product_images/ss12/apparel/discovery-1-1-pants-wms_15-4771_mckinley_lowres.jpg ( 4035 ) ... done
Processing asset /home/demo/www/website/var/assets/mckinley-eu/product_images/ss12/apparel/discovery-capri-men_178-4531_mckinley_lowres.jpg ( 4036 ) ... done
Processing asset /home/demo/www/website/var/assets/mckinley-eu/product_images/ss12/apparel/discovery-capri-wms_71-4758_mckinley_lowres.jpg ( 4037 ) ... done
Processing asset /home/demo/www/website/var/assets/mckinley-eu/product_images/ss12/apparel/discovery-shirt-ux_146971_red_mckinley_lowres.jpg ( 4038 ) ... done
Processing asset /home/demo/www/website/var/assets/mckinley-eu/product_images/ss12/apparel/discovery-shirt-wms_146963_pink_mckinley_lowres.jpg ( 4039 ) ... done
Processing asset /home/demo/www/website/var/assets/mckinley-eu/product_images/ss12/apparel/discovery-short-men_179-4477_mckinley_lowres.jpg ( 4040 ) ... done
Processing asset /home/demo/www/website/var/assets/mckinley-eu/product_images/ss12/apparel/discovery-short-wms_72-4604_mckinley_lowres.jpg ( 4041 ) ... done
Processing asset /home/demo/www/website/var/assets/mckinley-eu/product_images/ss12/apparel/discovery-skort-wms_114400_pink_mckinley_lowres.jpg ( 4042 ) ... done
Processing asset /home/demo/www/website/var/assets/mckinley-eu/product_images/ss12/apparel/discovery-zip-off-pants-men_158-4615_mckinley_lowres.jpg ( 4043 ) ... done
Processing asset /home/demo/www/website/var/assets/mckinley-eu/product_images/ss12/apparel/discovery-zip-off-pants-wms_16-4783_mckinley_lowres.jpg ( 4044 ) ... done
Processing asset /home/demo/www/website/var/assets/mckinley-eu/product_images/ss12/apparel/dl-chickaloon-t-shirt-wms_182645_white_mckinley_lowres.jpg ( 4045 ) ... done
Processing asset /home/demo/www/website/var/assets/mckinley-eu/product_images/ss12/apparel/dl-maddox-softshell-ux_167001_violet-dark_mckinley_lowres.jpg ( 4046 ) ... done
Processing asset /home/demo/www/website/var/assets/mckinley-eu/product_images/ss12/apparel/dl-samala-softshell-wms_182525_white_mckinley_lowres.jpg ( 4047 ) ... done
Processing asset /home/demo/www/website/var/assets/mckinley-eu/product_images/ss12/apparel/dl-willow-t-shirt-ux_182492_green-lime_mckinley_lowres.jpg ( 4048 ) ... done
Processing asset /home/demo/www/website/var/assets/mckinley-eu/product_images/ss12/apparel/dover-men-long_171787_brown-dark_mckinley_lowres.jpg ( 4049 ) ... done
Processing asset /home/demo/www/website/var/assets/mckinley-eu/product_images/ss12/apparel/dover-men-short_137429_brown-dark_mckinley_lowres.jpg ( 4050 ) ... done
Processing asset /home/demo/www/website/var/assets/mckinley-eu/product_images/ss12/apparel/dunsford-ux_182431_red_mckinley_lowres.jpg ( 4051 ) ... done
Processing asset /home/demo/www/website/var/assets/mckinley-eu/product_images/ss12/apparel/elma-wms_10-4741_mckinley_lowres.jpg ( 4052 ) ... done
Processing asset /home/demo/www/website/var/assets/mckinley-eu/product_images/ss12/apparel/elmas-gls_167550_multicolor-purple-violet-dark_mckinley_lowres.jpg ( 4053 ) ... done
Processing asset /home/demo/www/website/var/assets/mckinley-eu/product_images/ss12/apparel/emerald-men_167301_mckinley_lowres.jpg ( 4054 ) ... done
Processing asset /home/demo/www/website/var/assets/mckinley-eu/product_images/ss12/apparel/emerson-ux_166918_green_mckinley_lowres.jpg ( 4055 ) ... done
Processing asset /home/demo/www/website/var/assets/mckinley-eu/product_images/ss12/apparel/etton-men_182400_grey-light_mckinley_lowres.jpg ( 4056 ) ... done
Processing asset /home/demo/www/website/var/assets/mckinley-eu/product_images/ss12/apparel/evans-ux_181976_green_mckinley_lowres.jpg ( 4057 ) ... done
Processing asset /home/demo/www/website/var/assets/mckinley-eu/product_images/ss12/apparel/evans-wms_182019_blue-light-black_mckinley_lowres.jpg ( 4058 ) ... done
Processing asset /home/demo/www/website/var/assets/mckinley-eu/product_images/ss12/apparel/finnea-wms_182577_green-lime_mckinley_lowres.jpg ( 4059 ) ... done
Processing asset /home/demo/www/website/var/assets/mckinley-eu/product_images/ss12/apparel/forgan-jrs_182152_orange-dark_mckinley_lowres.jpg ( 4060 ) ... done
Processing asset /home/demo/www/website/var/assets/mckinley-eu/product_images/ss12/apparel/fulton-ux_181960_green_mckinley_lowres.jpg ( 4061 ) ... done
Processing asset /home/demo/www/website/var/assets/mckinley-eu/product_images/ss12/apparel/fulton-wms_182012_pink_mckinley_lowres.jpg ( 4062 ) ... done
Processing asset /home/demo/www/website/var/assets/mckinley-eu/product_images/ss12/apparel/galva-gls_182137_red_mckinley_lowres.jpg ( 4063 ) ... done
Processing asset /home/demo/www/website/var/assets/mckinley-eu/product_images/ss12/apparel/garrison-ux_182418_grey-dark_mckinley_lowres.jpg ( 4064 ) ... done
Processing asset /home/demo/www/website/var/assets/mckinley-eu/product_images/ss12/apparel/garvald-ux_182442_green-lime_mckinley_lowres.jpg ( 4065 ) ... done
Processing asset /home/demo/www/website/var/assets/mckinley-eu/product_images/ss12/apparel/gibbon-men_153-4676_mckinley_lowres.jpg ( 4066 ) ... done
Processing asset /home/demo/www/website/var/assets/mckinley-eu/product_images/ss12/apparel/gibbon-wms_9-4810_mckinley_lowres.jpg ( 4067 ) ... done
Processing asset /home/demo/www/website/var/assets/mckinley-eu/product_images/ss12/apparel/gill-wms_182593_blue-light_mckinley_lowres.jpg ( 4068 ) ... done
Processing asset /home/demo/www/website/var/assets/mckinley-eu/product_images/ss12/apparel/glenn-men_167312_mckinley_lowres.jpg ( 4069 ) ... done
Processing asset /home/demo/www/website/var/assets/mckinley-eu/product_images/ss12/apparel/glinton-men_182401_grey-dark_mckinley_lowres.jpg ( 4070 ) ... done
Processing asset /home/demo/www/website/var/assets/mckinley-eu/product_images/ss12/apparel/grenada-ux-shell_181954_blue-royal-navy-dark_mckinley_lowres.jpg ( 4071 ) ... done
Processing asset /home/demo/www/website/var/assets/mckinley-eu/product_images/ss12/apparel/grenada-wms_181986_pink-red_mckinley_lowres.jpg ( 4072 ) ... done
Processing asset /home/demo/www/website/var/assets/mckinley-eu/product_images/ss13/hardware/rucksacke/mountain-tec/png/amarillo_100956_blue-blue-dark-green.png ( 4145 ) ... done
Processing asset /home/demo/www/website/var/assets/mckinley-eu/product_images/ss13/hardware/rucksacke/mountain-tec/png/amarillo_100956_green-grey.png ( 4146 ) ... done
Processing asset /home/demo/www/website/var/assets/mckinley-eu/product_images/ss13/hardware/rucksacke/mountain-tec/png/amarillo_100956_pink-pink-dark-blue-light.png ( 4147 ) ... done
Processing asset /home/demo/www/website/var/assets/mckinley-eu/product_images/ss13/hardware/rucksacke/mountain-tec/png/barrow.png ( 4148 ) ... done
Processing asset /home/demo/www/website/var/assets/mckinley-eu/product_images/ss13/hardware/rucksacke/mountain-tec/png/beaver-35_150687_black-anthracite.png ( 4149 ) ... done
Processing asset /home/demo/www/website/var/assets/mckinley-eu/product_images/ss13/hardware/rucksacke/mountain-tec/png/beaver-35_150687_blue-aqua-black.png ( 4150 ) ... done
Processing asset /home/demo/www/website/var/assets/mckinley-eu/product_images/ss13/hardware/rucksacke/mountain-tec/png/beaver-35_150687_red-black.png ( 4151 ) ... done
Processing asset /home/demo/www/website/var/assets/mckinley-eu/product_images/ss13/hardware/rucksacke/mountain-tec/png/beaver-25_150688_black-anthracite_mckinley.png ( 4152 ) ... done
Processing asset /home/demo/www/website/var/assets/mckinley-eu/product_images/ss13/hardware/rucksacke/mountain-tec/png/beaver-25_150688_blue-anthracite_mckinley.png ( 4153 ) ... done
Processing asset /home/demo/www/website/var/assets/mckinley-eu/product_images/ss13/hardware/rucksacke/mountain-tec/png/beaver-25_150688_green-light-anthracite_mckinley.png ( 4154 ) ... done
Processing asset /home/demo/www/website/var/assets/mckinley-eu/product_images/ss13/hardware/rucksacke/mountain-tec/png/beaver-25_150688_red-anthracite_mckinley.png ( 4155 ) ... done
Processing asset /home/demo/www/website/var/assets/mckinley-eu/product_images/ss13/hardware/rucksacke/mountain-tec/png/black-burn-25w_164810_turquoise-yellow-dark.png ( 4156 ) ... done
Processing asset /home/demo/www/website/var/assets/mckinley-eu/product_images/ss13/hardware/rucksacke/mountain-tec/png/black-burn-22_164811_white-red-white.png ( 4157 ) ... done
Processing asset /home/demo/www/website/var/assets/mckinley-eu/product_images/ss13/hardware/rucksacke/mountain-tec/png/black-burn-25w_white.png ( 4158 ) ... done
Processing asset /home/demo/www/website/var/assets/mckinley-eu/product_images/ss13/hardware/rucksacke/mountain-tec/png/black-burn-28_164809_white-red-white.png ( 4159 ) ... done
Processing asset /home/demo/www/website/var/assets/mckinley-eu/product_images/ss13/hardware/rucksacke/mountain-tec/png/black-burn-28_black.png ( 4160 ) ... done
Processing asset /home/demo/www/website/var/assets/mckinley-eu/product_images/ss13/hardware/rucksacke/mountain-tec/png/black-burn-35_black.png ( 4161 ) ... done


Processing Page 24 ............

Processing asset /home/demo/www/website/var/assets/mckinley-eu/product_images/ss13/hardware/rucksacke/mountain-tec/png/care-bag_101309_anthracite-allover.png ( 4162 ) ... done
Processing asset /home/demo/www/website/var/assets/mckinley-eu/product_images/ss13/hardware/rucksacke/mountain-tec/png/care-bag_101309_turquoise-allover.png ( 4163 ) ... done
Processing asset /home/demo/www/website/var/assets/mckinley-eu/product_images/ss13/hardware/rucksacke/mountain-tec/png/cavanna-70_black-red.png ( 4164 ) ... done
Processing asset /home/demo/www/website/var/assets/mckinley-eu/product_images/ss13/hardware/rucksacke/mountain-tec/png/cosmetic-bag_101308_anthracite-allover.png ( 4165 ) ... done
Processing asset /home/demo/www/website/var/assets/mckinley-eu/product_images/ss13/hardware/rucksacke/mountain-tec/png/cosmetic-bag_101308_turquoise-allover.png ( 4166 ) ... done
Processing asset /home/demo/www/website/var/assets/mckinley-eu/product_images/ss13/hardware/rucksacke/mountain-tec/png/cougar-30w-rc_171616_black-pink.png ( 4167 ) ... done
Processing asset /home/demo/www/website/var/assets/mckinley-eu/product_images/ss13/hardware/rucksacke/mountain-tec/png/cougar-35-rc_150674_blue-blue-aqua.png ( 4168 ) ... done
Processing asset /home/demo/www/website/var/assets/mckinley-eu/product_images/ss13/hardware/rucksacke/mountain-tec/png/cougar-40-rc_150673_black-olive-light.png ( 4169 ) ... done
Processing asset /home/demo/www/website/var/assets/mckinley-eu/product_images/ss13/hardware/rucksacke/mountain-tec/png/cougar-40-rc_150674_red-dark-red.png ( 4170 ) ... done
Processing asset /home/demo/www/website/var/assets/mckinley-eu/product_images/ss13/hardware/rucksacke/mountain-tec/png/cougar-35-rc_150674_red-dark-red_mckinley.png ( 4171 ) ... done
Processing asset /home/demo/www/website/var/assets/mckinley-eu/product_images/ss13/hardware/rucksacke/mountain-tec/png/crxss-7-rc_171640_black-olive-white.png ( 4172 ) ... done
Processing asset /home/demo/www/website/var/assets/mckinley-eu/product_images/ss13/hardware/rucksacke/mountain-tec/png/crxss-7-rc_171640_black-red-white.png ( 4173 ) ... done
Processing asset /home/demo/www/website/var/assets/mckinley-eu/product_images/ss13/hardware/rucksacke/mountain-tec/png/crxss-7-rc_171640_red-grey-dark-white.png ( 4174 ) ... done
Processing asset /home/demo/www/website/var/assets/mckinley-eu/product_images/ss13/hardware/rucksacke/mountain-tec/png/crxss-12-rc_171639_black-olive-white.png ( 4175 ) ... done
Processing asset /home/demo/www/website/var/assets/mckinley-eu/product_images/ss13/hardware/rucksacke/mountain-tec/png/crxss-18-rc_171637_black-olive-white.png ( 4176 ) ... done
Processing asset /home/demo/www/website/var/assets/mckinley-eu/product_images/ss13/hardware/rucksacke/mountain-tec/png/crxss-18-rc_171637_red-grey-dark-white.png ( 4177 ) ... done
Processing asset /home/demo/www/website/var/assets/mckinley-eu/product_images/ss13/hardware/rucksacke/mountain-tec/png/crxss-25-rc_171635_red-grey-dark-white.png ( 4178 ) ... done
Processing asset /home/demo/www/website/var/assets/mckinley-eu/product_images/ss13/hardware/rucksacke/mountain-tec/png/crxss-d_171660_black-olive-white.png ( 4179 ) ... done
Processing asset /home/demo/www/website/var/assets/mckinley-eu/product_images/ss13/hardware/rucksacke/mountain-tec/png/crxss-d_171660_black-red-white.png ( 4180 ) ... done
Processing asset /home/demo/www/website/var/assets/mckinley-eu/product_images/ss13/hardware/rucksacke/mountain-tec/png/crxss-s-w_171663_black-pink-white.png ( 4181 ) ... done
Processing asset /home/demo/www/website/var/assets/mckinley-eu/product_images/ss13/hardware/rucksacke/mountain-tec/png/crxss-s_171662_black-olive-white.png ( 4182 ) ... done
Processing asset /home/demo/www/website/var/assets/mckinley-eu/product_images/ss13/hardware/rucksacke/mountain-tec/png/crxss-s_171662_black-red-white.png ( 4183 ) ... done
Processing asset /home/demo/www/website/var/assets/mckinley-eu/product_images/ss13/hardware/rucksacke/mountain-tec/png/crxss_15w_rc_171638_black-pink-white_mckinley.png ( 4184 ) ... done
Processing asset /home/demo/www/website/var/assets/mckinley-eu/product_images/ss13/hardware/rucksacke/mountain-tec/png/deltana-40c_black-red.png ( 4185 ) ... done
Processing asset /home/demo/www/website/var/assets/mckinley-eu/product_images/ss13/hardware/rucksacke/mountain-tec/png/dufflebag-m_101830_black_mckinley.png ( 4186 ) ... done
Processing asset /home/demo/www/website/var/assets/mckinley-eu/product_images/ss13/hardware/rucksacke/mountain-tec/png/dufflebag-m_101830_purple_mckinley.png ( 4187 ) ... done
Processing asset /home/demo/www/website/var/assets/mckinley-eu/product_images/ss13/hardware/rucksacke/mountain-tec/png/dufflebag-m_101830_yellow_mckinley.png ( 4188 ) ... done
Processing asset /home/demo/www/website/var/assets/mckinley-eu/product_images/ss13/hardware/rucksacke/mountain-tec/png/dufflebag-s_101831_black_mckinley.png ( 4189 ) ... done
Processing asset /home/demo/www/website/var/assets/mckinley-eu/product_images/ss13/hardware/rucksacke/mountain-tec/png/dufflebag-s_101831_purple_mckinley.png ( 4190 ) ... done
Processing asset /home/demo/www/website/var/assets/mckinley-eu/product_images/ss13/hardware/rucksacke/mountain-tec/png/dufflebag-s_101831_white_mckinley.png ( 4191 ) ... done
Processing asset /home/demo/www/website/var/assets/mckinley-eu/product_images/ss13/hardware/rucksacke/mountain-tec/png/falcon-25-w_171659_blue-light-anthracite.png ( 4192 ) ... done
Processing asset /home/demo/www/website/var/assets/mckinley-eu/product_images/ss13/hardware/rucksacke/mountain-tec/png/falcon-28_150683_blue.png ( 4193 ) ... done
Processing asset /home/demo/www/website/var/assets/mckinley-eu/product_images/ss13/hardware/rucksacke/mountain-tec/png/falcon-28_150683_green-forest-green-lime.png ( 4194 ) ... done
Processing asset /home/demo/www/website/var/assets/mckinley-eu/product_images/ss13/hardware/rucksacke/mountain-tec/png/falcon-28_150683_red-dark.png ( 4195 ) ... done
Processing asset /home/demo/www/website/var/assets/mckinley-eu/product_images/ss13/hardware/rucksacke/mountain-tec/png/falcon-35_150682_black-anthracite.png ( 4196 ) ... done
Processing asset /home/demo/www/website/var/assets/mckinley-eu/product_images/ss13/hardware/rucksacke/mountain-tec/png/falcon-35_150682_blue-anthracite.png ( 4197 ) ... done
Processing asset /home/demo/www/website/var/assets/mckinley-eu/product_images/ss13/hardware/rucksacke/mountain-tec/png/falcon-35_150682_red-anthracite.png ( 4198 ) ... done
Processing asset /home/demo/www/website/var/assets/mckinley-eu/product_images/ss13/hardware/rucksacke/mountain-tec/png/ice-trail-30_150688_red-grey.png ( 4199 ) ... done
Processing asset /home/demo/www/website/var/assets/mckinley-eu/product_images/ss13/hardware/rucksacke/mountain-tec/png/juno-comfort-204160_anthracie_dark-yellow_01.png ( 4200 ) ... done
Processing asset /home/demo/www/website/var/assets/mckinley-eu/product_images/ss13/hardware/rucksacke/mountain-tec/png/juno-comfort_204160_anthracite_dark-yellow_02.png ( 4201 ) ... done
Processing asset /home/demo/www/website/var/assets/mckinley-eu/product_images/ss13/hardware/rucksacke/mountain-tec/png/juno-comfort_204160_anthracite_yellow-dark_03.png ( 4202 ) ... done
Processing asset /home/demo/www/website/var/assets/mckinley-eu/product_images/ss13/hardware/rucksacke/mountain-tec/png/juno-comfort_204160_detail-01.png ( 4203 ) ... done
Processing asset /home/demo/www/website/var/assets/mckinley-eu/product_images/ss13/hardware/rucksacke/mountain-tec/png/juno-comfort_204160_detail-02.png ( 4204 ) ... done
Processing asset /home/demo/www/website/var/assets/mckinley-eu/product_images/ss13/hardware/rucksacke/mountain-tec/png/juno-comfort_204160_detail-03.png ( 4205 ) ... done
Processing asset /home/demo/www/website/var/assets/mckinley-eu/product_images/ss13/hardware/rucksacke/mountain-tec/png/juno-comfort_204160_detail-04.png ( 4206 ) ... done
Processing asset /home/demo/www/website/var/assets/mckinley-eu/product_images/ss13/hardware/rucksacke/mountain-tec/png/juno-comfort_204160_detail-05.png ( 4207 ) ... done
Processing asset /home/demo/www/website/var/assets/mckinley-eu/product_images/ss13/hardware/rucksacke/mountain-tec/png/katmai-38w-8-rc_171610_pink-dark_mckinley.png ( 4208 ) ... done
Processing asset /home/demo/www/website/var/assets/mckinley-eu/product_images/ss13/hardware/rucksacke/mountain-tec/png/katmai-40-8-rc_150177_blue-petrol_mckinley.png ( 4209 ) ... done
Processing asset /home/demo/www/website/var/assets/mckinley-eu/product_images/ss13/hardware/rucksacke/mountain-tec/png/katmai-40-8-rc_150177_red_mckinley.png ( 4210 ) ... done
Processing asset /home/demo/www/website/var/assets/mckinley-eu/product_images/ss13/hardware/rucksacke/mountain-tec/png/kenai-50w-10_171658_dark-violet-dark-grey.png ( 4211 ) ... done
Processing asset /home/demo/www/website/var/assets/mckinley-eu/product_images/ss13/hardware/rucksacke/mountain-tec/png/kenai-55-10_150106_red.png ( 4212 ) ... done
Processing asset /home/demo/www/website/var/assets/mckinley-eu/product_images/ss13/hardware/rucksacke/mountain-tec/png/kenai-75-10_150104_blue.png ( 4213 ) ... done
Processing asset /home/demo/www/website/var/assets/mckinley-eu/product_images/ss13/hardware/rucksacke/mountain-tec/png/lahaina_180381_anthracite-black-pink-allover_mckinley.png ( 4214 ) ... done
Processing asset /home/demo/www/website/var/assets/mckinley-eu/product_images/ss13/hardware/rucksacke/mountain-tec/png/lahaina_180381_black.png ( 4215 ) ... done
Processing asset /home/demo/www/website/var/assets/mckinley-eu/product_images/ss13/hardware/rucksacke/mountain-tec/png/lahaina_180381_black-turquoise-allover_mckinley.png ( 4216 ) ... done
Processing asset /home/demo/www/website/var/assets/mckinley-eu/product_images/ss13/hardware/rucksacke/mountain-tec/png/lahaina_180381_white-pink-allover_mckinley.png ( 4217 ) ... done
Processing asset /home/demo/www/website/var/assets/mckinley-eu/product_images/ss13/hardware/rucksacke/mountain-tec/png/little-ricky_blue-royal-blue-dark-green-lime-allover.png ( 4218 ) ... done
Processing asset /home/demo/www/website/var/assets/mckinley-eu/product_images/ss13/hardware/rucksacke/mountain-tec/png/little-ricky_pink-dark-pink-blue-light-allover.png ( 4219 ) ... done
Processing asset /home/demo/www/website/var/assets/mckinley-eu/product_images/ss13/hardware/rucksacke/mountain-tec/png/lynx-25w-rc_171612_black-pink.png ( 4220 ) ... done
Processing asset /home/demo/www/website/var/assets/mckinley-eu/product_images/ss13/hardware/rucksacke/mountain-tec/png/lynx-28-rc_171611_black-olive-light.png ( 4221 ) ... done
Processing asset /home/demo/www/website/var/assets/mckinley-eu/product_images/ss13/hardware/rucksacke/mountain-tec/png/lynx-28-rc_171611_blue-aqua-blue.png ( 4222 ) ... done
Processing asset /home/demo/www/website/var/assets/mckinley-eu/product_images/ss13/hardware/rucksacke/mountain-tec/png/midnight-sun-18-rc_new_blue-blue-royal-orange-dark_mckinley.png ( 4224 ) ... done
Processing asset /home/demo/www/website/var/assets/mckinley-eu/product_images/ss13/hardware/rucksacke/mountain-tec/png/midnight-sun-18-rc_new_olive-light-green-light-blue-petrol_mckinley.png ( 4225 ) ... done
Processing asset /home/demo/www/website/var/assets/mckinley-eu/product_images/ss13/hardware/rucksacke/mountain-tec/png/midnight-sun-20w-rc_new_pink-dark-pink-white_mckinley.png ( 4226 ) ... done
Processing asset /home/demo/www/website/var/assets/mckinley-eu/product_images/ss13/hardware/rucksacke/mountain-tec/png/midnight-sun-24-rc_new_black-anthracite-blue-royal_mckinley.png ( 4227 ) ... done
Processing asset /home/demo/www/website/var/assets/mckinley-eu/product_images/ss13/hardware/rucksacke/mountain-tec/png/midnight-sun-24-rc_new_blue-blue-royal-orange-dark_mckinley.png ( 4228 ) ... done
Processing asset /home/demo/www/website/var/assets/mckinley-eu/product_images/ss13/hardware/rucksacke/mountain-tec/png/mini-waist-bag_101301_anthracite-allover.png ( 4229 ) ... done
Processing asset /home/demo/www/website/var/assets/mckinley-eu/product_images/ss13/hardware/rucksacke/mountain-tec/png/mini-waist-bag_101301_turquoise-allover.png ( 4230 ) ... done
Processing asset /home/demo/www/website/var/assets/mckinley-eu/product_images/ss13/hardware/rucksacke/mountain-tec/png/minto-20_150690_black-anthracite.png ( 4231 ) ... done
Processing asset /home/demo/www/website/var/assets/mckinley-eu/product_images/ss13/hardware/rucksacke/mountain-tec/png/minto-20_150690_blue-aqua-blue-grey.png ( 4232 ) ... done
Processing asset /home/demo/www/website/var/assets/mckinley-eu/product_images/ss13/hardware/rucksacke/mountain-tec/png/minto-20_150690_green-green-light.png ( 4233 ) ... done
Processing asset /home/demo/www/website/var/assets/mckinley-eu/product_images/ss13/hardware/rucksacke/mountain-tec/png/minto-20_150690_red-grey.png ( 4234 ) ... done
Processing asset /home/demo/www/website/var/assets/mckinley-eu/product_images/ss13/hardware/rucksacke/mountain-tec/png/minto-25-w_171619_blue-light-anthracite.png ( 4235 ) ... done
Processing asset /home/demo/www/website/var/assets/mckinley-eu/product_images/ss13/hardware/rucksacke/mountain-tec/png/minto-30_150689_anthracite-black.png ( 4236 ) ... done
Processing asset /home/demo/www/website/var/assets/mckinley-eu/product_images/ss13/hardware/rucksacke/mountain-tec/png/minto-30_150689_blue-aqua-blue.png ( 4237 ) ... done
Processing asset /home/demo/www/website/var/assets/mckinley-eu/product_images/ss13/hardware/rucksacke/mountain-tec/png/minto-30_150689_red-red-dark.png ( 4238 ) ... done
Processing asset /home/demo/www/website/var/assets/mckinley-eu/product_images/ss13/hardware/rucksacke/mountain-tec/png/northern-light-20-rc_new_olive-light-green-light-blue-petrol_mckinley.png ( 4239 ) ... done
Processing asset /home/demo/www/website/var/assets/mckinley-eu/product_images/ss13/hardware/rucksacke/mountain-tec/png/northern-light-24w-rc_new_violet-dark-violet-dark-green-lime_mckinley.png ( 4240 ) ... done
Processing asset /home/demo/www/website/var/assets/mckinley-eu/product_images/ss13/hardware/rucksacke/mountain-tec/png/northern-light-26-rc_new_black-anthracite-blue-petrol_mckinley.png ( 4241 ) ... done
Processing asset /home/demo/www/website/var/assets/mckinley-eu/product_images/ss13/hardware/rucksacke/mountain-tec/png/northern-light-26-rc_new_red-red-blue-petrol_mckinley.png ( 4242 ) ... done
Processing asset /home/demo/www/website/var/assets/mckinley-eu/product_images/ss13/hardware/rucksacke/mountain-tec/png/oxford_140153_anthracite-black-allover-turquoise_mckinley.png ( 4243 ) ... done
Processing asset /home/demo/www/website/var/assets/mckinley-eu/product_images/ss13/hardware/rucksacke/mountain-tec/png/oxford_140153_black.png ( 4244 ) ... done
Processing asset /home/demo/www/website/var/assets/mckinley-eu/product_images/ss13/hardware/rucksacke/mountain-tec/png/packing-cube-5l_145465_anthracite-allover.png ( 4245 ) ... done
Processing asset /home/demo/www/website/var/assets/mckinley-eu/product_images/ss13/hardware/rucksacke/mountain-tec/png/packing-cube-10l_145465_anthracite-allover.png ( 4246 ) ... done
Processing asset /home/demo/www/website/var/assets/mckinley-eu/product_images/ss13/hardware/rucksacke/mountain-tec/png/reno_180422_anthracite-black-pink-allover_mckinley.png ( 4247 ) ... done
Processing asset /home/demo/www/website/var/assets/mckinley-eu/product_images/ss13/hardware/rucksacke/mountain-tec/png/reno_180422_black.png ( 4248 ) ... done
Processing asset /home/demo/www/website/var/assets/mckinley-eu/product_images/ss13/hardware/rucksacke/mountain-tec/png/reno_180422_black-turquoise-allover_mckinley.png ( 4249 ) ... done
Processing asset /home/demo/www/website/var/assets/mckinley-eu/product_images/ss13/hardware/rucksacke/mountain-tec/png/reno_180422_white-pink-allover_mckinley.png ( 4250 ) ... done
Processing asset /home/demo/www/website/var/assets/mckinley-eu/product_images/ss13/hardware/rucksacke/mountain-tec/png/ricky_blue-royal-blue-dark-green-lime-allover.png ( 4251 ) ... done
Processing asset /home/demo/www/website/var/assets/mckinley-eu/product_images/ss13/hardware/rucksacke/mountain-tec/png/ricky_pink-dark-pink-blue-light.png ( 4252 ) ... done
Processing asset /home/demo/www/website/var/assets/mckinley-eu/product_images/ss13/hardware/rucksacke/mountain-tec/png/ride-25_145407_anthracite-black-allover-turquoise_mckinley.png ( 4253 ) ... done
Processing asset /home/demo/www/website/var/assets/mckinley-eu/product_images/ss13/hardware/rucksacke/mountain-tec/png/ride-25_145407_black.png ( 4254 ) ... done
Processing asset /home/demo/www/website/var/assets/mckinley-eu/product_images/ss13/hardware/rucksacke/mountain-tec/png/santa-cruz_180380_anthracite-black-pink-allover_mckinley.png ( 4255 ) ... done
Processing asset /home/demo/www/website/var/assets/mckinley-eu/product_images/ss13/hardware/rucksacke/mountain-tec/png/santa-cruz_180380_black.png ( 4256 ) ... done
Processing asset /home/demo/www/website/var/assets/mckinley-eu/product_images/ss13/hardware/rucksacke/mountain-tec/png/santa-cruz_180380_black-turquoise-allover_mckinley.png ( 4257 ) ... done
Processing asset /home/demo/www/website/var/assets/mckinley-eu/product_images/ss13/hardware/rucksacke/mountain-tec/png/tilicho-30w-8_178840_turquoise-yellow-dark.png ( 4259 ) ... done
Processing asset /home/demo/www/website/var/assets/mckinley-eu/product_images/ss13/hardware/rucksacke/mountain-tec/png/tilicho-30-8w_178840_white_red-dark_white.png ( 4260 ) ... done
Processing asset /home/demo/www/website/var/assets/mckinley-eu/product_images/ss13/hardware/rucksacke/mountain-tec/png/tilicho-32-8_145414_blue-royal-white.png ( 4261 ) ... done
Processing asset /home/demo/www/website/var/assets/mckinley-eu/product_images/ss13/hardware/rucksacke/mountain-tec/png/tilicho-32-8w_greenlime.png ( 4262 ) ... done
Processing asset /home/demo/www/website/var/assets/mckinley-eu/product_images/ss13/hardware/rucksacke/mountain-tec/png/vancouver_101266_anthracite-black-pink-allover_mckinley.png ( 4263 ) ... done
done
